test/sem_test.sql:XXXX:1: error: in declare_proc_stmt : CQL0404: procedure cannot be both a normal procedure and an unchecked procedure 'printf'
Incompatible declarations found
test/sem_test.sql:XXXX:1: error: in create_table_stmt : CREATE TABLE foo(
  id INTEGER PRIMARY KEY AUTOINCREMENT
)
test/sem_test.sql:XXXX:1: error: in create_table_stmt : CREATE TABLE foo(
  id INTEGER
)
The above must be identical.
test/sem_test.sql:XXXX:1: error: in str : CQL0103: duplicate table/view name 'foo'
test/sem_test.sql:XXXX:1: error: in str : CQL0142: duplicate column name 'id'
test/sem_test.sql:XXXX:1: error: in table_or_subquery_list : CQL0016: duplicate table name in join 'T1'
test/sem_test.sql:XXXX:1: error: in str : CQL0065: identifier is ambiguous 'id'
test/sem_test.sql:XXXX:1: error: in str : CQL0069: name not found 'not_found'
test/sem_test.sql:XXXX:1: error: in str : CQL0007: left operand cannot be a string in '+'
test/sem_test.sql:XXXX:1: error: in num : CQL0042: left operand must be a string in 'LIKE'
test/sem_test.sql:XXXX:1: error: in num : CQL0042: left operand must be a string in 'NOT LIKE'
test/sem_test.sql:XXXX:1: error: in num : CQL0043: right operand must be a string in 'LIKE'
test/sem_test.sql:XXXX:1: error: in str : CQL0008: right operand cannot be a string in '+'
test/sem_test.sql:XXXX:1: error: in str : CQL0007: left operand cannot be a string in '+'
test/sem_test.sql:XXXX:1: error: in str : CQL0007: left operand cannot be a string in 'AND'
test/sem_test.sql:XXXX:1: error: in str : CQL0008: right operand cannot be a string in 'AND'
test/sem_test.sql:XXXX:1: error: in lt : CQL0009: incompatible types in expression '<'
test/sem_test.sql:XXXX:1: error: in gt : CQL0012: incompatible types in expression '>'
test/sem_test.sql:XXXX:1: error: in gt : CQL0012: incompatible types in expression '>'
test/sem_test.sql:XXXX:1: error: in str : CQL0069: name not found 'foo'
test/sem_test.sql:XXXX:1: error: in str : CQL0047: string operand not allowed in '-'
test/sem_test.sql:XXXX:1: error: in str : CQL0047: string operand not allowed in 'NOT'
test/sem_test.sql:XXXX:1: error: in is : CQL0009: incompatible types in expression 'IS'
test/sem_test.sql:XXXX:1: error: in str : CQL0047: string operand not allowed in 'NOT'
test/sem_test.sql:XXXX:1: error: in str : CQL0047: string operand not allowed in '-'
test/sem_test.sql:XXXX:1: error: in str : CQL0047: string operand not allowed in '-'
test/sem_test.sql:XXXX:1: error: in star : CQL0052: select * cannot be used with no FROM clause
test/sem_test.sql:XXXX:1: error: in star : CQL0055: all columns in the select must have a name
test/sem_test.sql:XXXX:1: error: in table_star : CQL0055: all columns in the select must have a name
test/sem_test.sql:XXXX:1: error: in str : CQL0069: name not found 'c'
test/sem_test.sql:XXXX:1: error: in str : CQL0436: alias referenced from WHERE, GROUP BY, HAVING, or WINDOW clause 'x'
test/sem_test.sql:XXXX:1: error: in str : CQL0436: alias referenced from WHERE, GROUP BY, HAVING, or WINDOW clause 'y'
test/sem_test.sql:XXXX:1: error: in str : CQL0436: alias referenced from WHERE, GROUP BY, HAVING, or WINDOW clause 'y'
test/sem_test.sql:XXXX:1: error: in str : CQL0436: alias referenced from WHERE, GROUP BY, HAVING, or WINDOW clause 'y'
test/sem_test.sql:XXXX:1: error: in str : CQL0435: must use qualified form to avoid ambiguity with alias 'name'
test/sem_test.sql:XXXX:1: error: in str : CQL0435: must use qualified form to avoid ambiguity with alias 'name'
test/sem_test.sql:XXXX:1: error: in str : CQL0435: must use qualified form to avoid ambiguity with alias 'name'
test/sem_test.sql:XXXX:1: error: in str : CQL0435: must use qualified form to avoid ambiguity with alias 'name'
test/sem_test.sql:XXXX:1: error: in str : CQL0435: must use qualified form to avoid ambiguity with alias 'name'
test/sem_test.sql:XXXX:1: error: in str : CQL0435: must use qualified form to avoid ambiguity with alias 'name'
test/sem_test.sql:XXXX:1: error: in str : CQL0435: must use qualified form to avoid ambiguity with alias 'name'
test/sem_test.sql:XXXX:1: error: in table_or_subquery : CQL0095: table/view not defined 'goo'
test/sem_test.sql:XXXX:1: error: in eq : CQL0009: incompatible types in expression '='
test/sem_test.sql:XXXX:1: error: in num : CQL0043: right operand must be a string in 'LIKE'
test/sem_test.sql:XXXX:1: error: in num : CQL0009: incompatible types in expression 'then'
test/sem_test.sql:XXXX:1: error: in str : CQL0012: incompatible types in expression 'when'
test/sem_test.sql:XXXX:1: error: in str : CQL0012: incompatible types in expression 'when'
test/sem_test.sql:XXXX:1: error: in str : CQL0012: incompatible types in expression 'else'
test/sem_test.sql:XXXX:1: error: in str : CQL0047: string operand not allowed in 'NOT'
test/sem_test.sql:XXXX:1: error: in between : CQL0009: incompatible types in expression 'BETWEEN'
test/sem_test.sql:XXXX:1: error: in between : CQL0009: incompatible types in expression 'BETWEEN'
test/sem_test.sql:XXXX:1: error: in between : CQL0012: incompatible types in expression 'BETWEEN/AND'
test/sem_test.sql:XXXX:1: error: in str : CQL0047: string operand not allowed in 'NOT'
test/sem_test.sql:XXXX:1: error: in not_between : CQL0009: incompatible types in expression 'NOT BETWEEN'
test/sem_test.sql:XXXX:1: error: in not_between : CQL0009: incompatible types in expression 'NOT BETWEEN'
test/sem_test.sql:XXXX:1: error: in not_between : CQL0012: incompatible types in expression 'NOT BETWEEN/AND'
test/sem_test.sql:XXXX:1: error: in str : CQL0047: string operand not allowed in 'NOT'
test/sem_test.sql:XXXX:1: error: in select_stmt : CQL0232: nested select expression must return exactly one column
test/sem_test.sql:XXXX:1: error: in table_or_subquery_list : CQL0016: duplicate table name in join 'foo'
test/sem_test.sql:XXXX:1: error: in on : CQL0015: expected numeric expression 'ON'
test/sem_test.sql:XXXX:1: error: in opt_where : CQL0015: expected numeric expression 'WHERE'
test/sem_test.sql:XXXX:1: error: in opt_having : CQL0099: HAVING clause requires GROUP BY clause
test/sem_test.sql:XXXX:1: error: in opt_having : CQL0015: expected numeric expression 'HAVING'
test/sem_test.sql:XXXX:1: error: in str : CQL0069: name not found 'bogus'
test/sem_test.sql:XXXX:1: error: in opt_limit : CQL0015: expected numeric expression 'LIMIT'
test/sem_test.sql:XXXX:1: error: in str : CQL0047: string operand not allowed in 'NOT'
test/sem_test.sql:XXXX:1: error: in in_pred : CQL0012: incompatible types in expression 'IN'
test/sem_test.sql:XXXX:1: error: in in_pred : CQL0009: incompatible types in expression 'IN'
test/sem_test.sql:XXXX:1: error: in in_pred : CQL0012: incompatible types in expression 'IN'
test/sem_test.sql:XXXX:1: error: in str : CQL0047: string operand not allowed in 'NOT'
test/sem_test.sql:XXXX:1: error: in str : CQL0047: string operand not allowed in 'NOT'
test/sem_test.sql:XXXX:1: error: in not_in : CQL0012: incompatible types in expression 'NOT IN'
test/sem_test.sql:XXXX:1: error: in not_in : CQL0009: incompatible types in expression 'NOT IN'
test/sem_test.sql:XXXX:1: error: in not_in : CQL0012: incompatible types in expression 'NOT IN'
Incompatible declarations found
test/sem_test.sql:XXXX:1: error: in create_view_stmt : CREATE VIEW MyView AS
SELECT 1 AS f1, 2 AS f2, 3 AS f3
test/sem_test.sql:XXXX:1: error: in create_view_stmt : CREATE VIEW MyView AS
SELECT 1 AS y
The above must be identical.
test/sem_test.sql:XXXX:1: error: in str : CQL0103: duplicate table/view name 'MyView'
Incompatible declarations found
test/sem_test.sql:XXXX:1: error: in create_table_stmt : CREATE TABLE foo(
  id INTEGER PRIMARY KEY AUTOINCREMENT
)
test/sem_test.sql:XXXX:1: error: in create_view_stmt : CREATE VIEW foo AS
SELECT 2 AS x
The above must be identical.
test/sem_test.sql:XXXX:1: error: in str : CQL0103: duplicate table/view name 'foo'
test/sem_test.sql:XXXX:1: error: in str : CQL0047: string operand not allowed in 'NOT'
test/sem_test.sql:XXXX:1: error: in str : CQL0047: string operand not allowed in 'NOT'
test/sem_test.sql:XXXX:1: error: in table_or_subquery : CQL0095: table/view not defined 'V'
test/sem_test.sql:XXXX:1: error: in create_index_stmt : CQL0321: migration proc not allowed on object 'index_4'
Incompatible declarations found
test/sem_test.sql:XXXX:1: error: in create_index_stmt : CREATE INDEX index_1 ON foo (id)
test/sem_test.sql:XXXX:1: error: in create_index_stmt : CREATE INDEX index_1 ON bar (id)
The above must be identical.
test/sem_test.sql:XXXX:1: error: in str : CQL0018: duplicate index name 'index_1'
test/sem_test.sql:XXXX:1: error: in str : CQL0019: create index table name not found 'doesNotExist'
test/sem_test.sql:XXXX:1: error: in str : CQL0069: name not found 'doesNotExist'
test/sem_test.sql:XXXX:1: error: in str : CQL0047: string operand not allowed in 'NOT'
test/sem_test.sql:XXXX:1: error: in add : CQL0172: name list has duplicate name 'id + id'
test/sem_test.sql:XXXX:1: error: in str : CQL0047: string operand not allowed in 'NOT'
test/sem_test.sql:XXXX:1: error: in str : CQL0069: name not found 'x'
test/sem_test.sql:XXXX:1: error: in str : CQL0015: expected numeric expression 'WHERE'
test/sem_test.sql:XXXX:1: error: in str : CQL0069: name not found 'pk_col_not_exist'
test/sem_test.sql:XXXX:1: error: in str : CQL0143: more than one primary key in table 'baz'
test/sem_test.sql:XXXX:1: error: in unq_def : CQL0269: at least part of this unique key is redundant with previous unique keys
test/sem_test.sql:XXXX:1: error: in unq_def : CQL0269: at least part of this unique key is redundant with previous unique keys
test/sem_test.sql:XXXX:1: error: in unq_def : CQL0269: at least part of this unique key is redundant with previous unique keys
test/sem_test.sql:XXXX:1: error: in unq_def : CQL0269: at least part of this unique key is redundant with previous unique keys
test/sem_test.sql:XXXX:1: error: in call : CQL0080: function may not appear in this context 'random'
test/sem_test.sql:XXXX:1: error: in call : CQL0080: function may not appear in this context 'random'
test/sem_test.sql:XXXX:1: error: in unq_def : CQL0020: duplicate constraint name in table 'ak1'
test/sem_test.sql:XXXX:1: error: in pk_def : CQL0020: duplicate constraint name in table 'pk1'
test/sem_test.sql:XXXX:1: error: in unq_def : CQL0269: at least part of this unique key is redundant with previous unique keys
test/sem_test.sql:XXXX:1: error: in str : CQL0069: name not found 'ak_col_not_exist'
test/sem_test.sql:XXXX:1: error: in str : CQL0069: name not found 'ak_col_not_exist'
test/sem_test.sql:XXXX:1: error: in fk_def : CQL0020: duplicate constraint name in table 'x'
test/sem_test.sql:XXXX:1: error: in str : CQL0171: name not found 'bogus'
test/sem_test.sql:XXXX:1: error: in str : CQL0171: name not found 'bogus'
test/sem_test.sql:XXXX:1: error: in fk_def : CQL0021: foreign key refers to non-existent table 'bogus'
test/sem_test.sql:XXXX:1: error: in str : CQL0150: expected numeric expression in IF predicate
test/sem_test.sql:XXXX:1: error: in str : CQL0047: string operand not allowed in 'NOT'
test/sem_test.sql:XXXX:1: error: in str : CQL0047: string operand not allowed in 'NOT'
test/sem_test.sql:XXXX:1: error: in str : CQL0047: string operand not allowed in 'NOT'
test/sem_test.sql:XXXX:1: error: in str : CQL0150: expected numeric expression in IF predicate
test/sem_test.sql:XXXX:1: error: in str : CQL0150: expected numeric expression in IF predicate
test/sem_test.sql:XXXX:1: error: in str : CQL0047: string operand not allowed in 'NOT'
test/sem_test.sql:XXXX:1: error: in str : CQL0047: string operand not allowed in 'NOT'
test/sem_test.sql:XXXX:1: error: in const : CQL0353: evaluation of constant failed
test/sem_test.sql:XXXX:1: error: in is_true : CQL0403: operator may not be used because it is not supported on old versions of SQLite 'IS TRUE'
test/sem_test.sql:XXXX:1: error: in is_false : CQL0403: operator may not be used because it is not supported on old versions of SQLite 'IS FALSE'
test/sem_test.sql:XXXX:1: error: in is_not_true : CQL0403: operator may not be used because it is not supported on old versions of SQLite 'IS NOT TRUE'
test/sem_test.sql:XXXX:1: error: in is_not_false : CQL0403: operator may not be used because it is not supported on old versions of SQLite 'IS NOT FALSE'
test/sem_test.sql:XXXX:1: error: in const : CQL0353: evaluation of constant failed
test/sem_test.sql:XXXX:1: error: in const : CQL0353: evaluation of constant failed
test/sem_test.sql:XXXX:1: error: in const : CQL0353: evaluation of constant failed
test/sem_test.sql:XXXX:1: error: in const : CQL0353: evaluation of constant failed
test/sem_test.sql:XXXX:1: error: in const : CQL0353: evaluation of constant failed
test/sem_test.sql:XXXX:1: error: in const : CQL0353: evaluation of constant failed
test/sem_test.sql:XXXX:1: error: in null : CQL0013: cannot assign/copy possibly null expression to not null target 'default value'
test/sem_test.sql:XXXX:1: error: in num : CQL0242: lossy conversion from type 'REAL' in 2.200000e+00
test/sem_test.sql:XXXX:1: error: in str : CQL0197: duplicate variable name in the same scope 'X'
test/sem_test.sql:XXXX:1: error: in str : CQL0198: global variable hides table/view name 'foo'
test/sem_test.sql:XXXX:1: error: in declare_cursor : CQL0197: duplicate variable name in the same scope 'my_cursor'
test/sem_test.sql:XXXX:1: error: in str : CQL0047: string operand not allowed in 'NOT'
test/sem_test.sql:XXXX:1: error: in leave_stmt : CQL0308: statement should be the last thing in a statement list
test/sem_test.sql:XXXX:1: error: in continue_stmt : CQL0308: statement should be the last thing in a statement list
test/sem_test.sql:XXXX:1: error: in str : CQL0205: not a cursor 'X'
test/sem_test.sql:XXXX:1: error: in str : CQL0069: name not found 'not_a_variable'
test/sem_test.sql:XXXX:1: error: in leave_stmt : CQL0219: leave must be inside of a 'loop', 'while', or 'switch' statement
test/sem_test.sql:XXXX:1: error: in continue_stmt : CQL0218: continue must be inside of a 'loop' or 'while' statement
test/sem_test.sql:XXXX:1: error: in return_stmt : CQL0308: statement should be the last thing in a statement list
test/sem_test.sql:XXXX:1: error: in return_stmt : CQL0308: statement should be the last thing in a statement list
test/sem_test.sql:XXXX:1: error: in return_stmt : CQL0307: return statement should be in a procedure and not at the top level
test/sem_test.sql:XXXX:1: error: in return_stmt : CQL0307: return statement should be in a procedure and not at the top level
test/sem_test.sql:XXXX:1: error: in str : CQL0047: string operand not allowed in 'NOT'
test/sem_test.sql:XXXX:1: error: in str : CQL0205: not a cursor 'X'
test/sem_test.sql:XXXX:1: error: in close_stmt : CQL0391: CLOSE cannot be used on a boxed cursor 'C'
test/sem_test.sql:XXXX:1: error: in str : CQL0151: table in delete statement does not exist 'bogus_table'
test/sem_test.sql:XXXX:1: error: in str : CQL0152: cannot delete from a view 'MyView'
test/sem_test.sql:XXXX:1: error: in str : CQL0069: name not found 'missing_column'
test/sem_test.sql:XXXX:1: error: in str : CQL0315: mandatory column with no default value in INSERT INTO name DEFAULT VALUES statement 'id'
test/sem_test.sql:XXXX:1: error: in str : CQL0160: table in insert statement does not exist 'bogus_table'
test/sem_test.sql:XXXX:1: error: in str : CQL0161: cannot insert into a view 'MyView'
test/sem_test.sql:XXXX:1: error: in str : CQL0069: name not found 'id'
test/sem_test.sql:XXXX:1: error: in str : CQL0012: incompatible types in expression 'id'
test/sem_test.sql:XXXX:1: error: in num : CQL0009: incompatible types in expression 'name'
test/sem_test.sql:XXXX:1: error: in insert_stmt : CQL0157: count of columns differs from count of values
test/sem_test.sql:XXXX:1: error: in values : CQL0336: select statement with VALUES clause requires a non empty list of values
test/sem_test.sql:XXXX:1: error: in null : CQL0013: cannot assign/copy possibly null expression to not null target 'id'
test/sem_test.sql:XXXX:1: error: in str : CQL0040: table can only have one autoinc column 'id2'
test/sem_test.sql:XXXX:1: error: in assign : CQL0173: variable not found 'XX'
test/sem_test.sql:XXXX:1: error: in assign : CQL0174: cannot set a cursor 'my_cursor'
test/sem_test.sql:XXXX:1: error: in str : CQL0012: incompatible types in expression 'X'
test/sem_test.sql:XXXX:1: error: in str : CQL0047: string operand not allowed in 'NOT'
test/sem_test.sql:XXXX:1: error: in fetch_stmt : CQL0217: number of variables did not match count of columns in cursor 'fetch_cursor'
test/sem_test.sql:XXXX:1: error: in fetch_stmt : CQL0217: number of variables did not match count of columns in cursor 'fetch_cursor'
test/sem_test.sql:XXXX:1: error: in str : CQL0009: incompatible types in expression 'a_string2'
test/sem_test.sql:XXXX:1: error: in str : CQL0012: incompatible types in expression 'an_int2'
test/sem_test.sql:XXXX:1: error: in str : CQL0069: name not found 'not_a_cursor'
test/sem_test.sql:XXXX:1: error: in str : CQL0216: FETCH variable not found 'non_existent_variable'
test/sem_test.sql:XXXX:1: error: in str : CQL0206: duplicate name in list 'var_id'
test/sem_test.sql:XXXX:1: error: in str : CQL0172: name list has duplicate name 'id'
test/sem_test.sql:XXXX:1: error: in str : CQL0172: name list has duplicate name 'key_id'
test/sem_test.sql:XXXX:1: error: in str : CQL0172: name list has duplicate name 'key_id'
test/sem_test.sql:XXXX:1: error: in str : CQL0172: name list has duplicate name 'col_id'
test/sem_test.sql:XXXX:1: error: in str : CQL0172: name list has duplicate name 'ref_id1'
test/sem_test.sql:XXXX:1: error: in str : CQL0070: expressions of different kinds can't be mixed: 'dollars' vs. 'euros'
test/sem_test.sql:XXXX:1: error: in str : CQL0155: cannot update a view 'myView'
test/sem_test.sql:XXXX:1: error: in str : CQL0047: string operand not allowed in 'NOT'
test/sem_test.sql:XXXX:1: error: in opt_limit : CQL0015: expected numeric expression 'LIMIT'
test/sem_test.sql:XXXX:1: error: in str : CQL0047: string operand not allowed in 'NOT'
test/sem_test.sql:XXXX:1: error: in str : CQL0069: name not found 'non_existent_column'
test/sem_test.sql:XXXX:1: error: in str : CQL0012: incompatible types in expression 'id'
test/sem_test.sql:XXXX:1: error: in num : CQL0242: lossy conversion from type 'LONG_INT' in 1L
test/sem_test.sql:XXXX:1: error: in num : CQL0009: incompatible types in expression 'name'
test/sem_test.sql:XXXX:1: error: in null : CQL0013: cannot assign/copy possibly null expression to not null target 'id'
test/sem_test.sql:XXXX:1: error: in str : CQL0069: name not found 'X'
test/sem_test.sql:XXXX:1: error: in str : CQL0047: string operand not allowed in 'NOT'
test/sem_test.sql:XXXX:1: error: in str : CQL0186: duplicate stored proc name 'proc1'
test/sem_test.sql:XXXX:1: error: in str : CQL0069: name not found 'arg1'
test/sem_test.sql:XXXX:1: error: in str : CQL0069: name not found 'arg2'
test/sem_test.sql:XXXX:1: error: in str : CQL0175: duplicate parameter name 'arg1'
test/sem_test.sql:XXXX:1: error: in str : CQL0186: duplicate stored proc name 'proc3'
test/sem_test.sql:XXXX:1: error: in throw_stmt : CQL0308: statement should be the last thing in a statement list
test/sem_test.sql:XXXX:1: error: in str : CQL0197: duplicate variable name in the same scope 'arg1'
test/sem_test.sql:XXXX:1: error: in str : CQL0069: name not found 'bar'
test/sem_test.sql:XXXX:1: error: in str : CQL0069: name not found 'T'
test/sem_test.sql:XXXX:1: error: in dot : CQL0069: name not found 'foo.id'
test/sem_test.sql:XXXX:1: error: in null : CQL0013: cannot assign/copy possibly null expression to not null target 'int_nn'
test/sem_test.sql:XXXX:1: error: in str : CQL0012: incompatible types in expression 'arg1'
test/sem_test.sql:XXXX:1: error: in num : CQL0009: incompatible types in expression 'arg2'
test/sem_test.sql:XXXX:1: error: in call_stmt : CQL0235: too many arguments provided to procedure 'proc2'
test/sem_test.sql:XXXX:1: error: in call_stmt : CQL0212: too few arguments provided to procedure 'proc2'
test/sem_test.sql:XXXX:1: error: in call_stmt : CQL0213: procedure had errors, can't call 'proc3'
test/sem_test.sql:XXXX:1: error: in num : CQL0207: expected a variable name for OUT or INOUT argument 'arg2'
test/sem_test.sql:XXXX:1: error: in num : CQL0207: expected a variable name for OUT or INOUT argument 'arg3'
test/sem_test.sql:XXXX:1: error: in str : CQL0426: OUT or INOUT argument cannot be used again in same call 'X'
test/sem_test.sql:XXXX:1: error: in str : CQL0426: OUT or INOUT argument cannot be used again in same call 'X'
test/sem_test.sql:XXXX:1: error: in str : CQL0426: OUT or INOUT argument cannot be used again in same call 'X'
test/sem_test.sql:XXXX:1: error: in str : CQL0207: expected a variable name for OUT or INOUT argument 'arg1'
test/sem_test.sql:XXXX:1: error: in dot : CQL0207: expected a variable name for OUT or INOUT argument 'arg1'
test/sem_test.sql:XXXX:1: error: in str : CQL0069: name not found 'unbound'
test/sem_test.sql:XXXX:1: error: in str : CQL0069: name not found 'this_does_not_exist'
test/sem_test.sql:XXXX:1: error: in call : CQL0304: DISTINCT may only be used with one explicit argument in an aggregate function 'count'
test/sem_test.sql:XXXX:1: error: in str : CQL0079: function got incorrect number of arguments 'total'
test/sem_test.sql:XXXX:1: error: in star : CQL0051: argument can only be used in count(*) '*'
test/sem_test.sql:XXXX:1: error: in str : CQL0079: function got incorrect number of arguments 'count'
test/sem_test.sql:XXXX:1: error: in str : CQL0079: function got incorrect number of arguments 'max'
test/sem_test.sql:XXXX:1: error: in str : CQL0079: function got incorrect number of arguments 'sign'
test/sem_test.sql:XXXX:1: error: in str : CQL0079: function got incorrect number of arguments 'sign'
test/sem_test.sql:XXXX:1: error: in str : CQL0082: argument must be numeric 'sign'
test/sem_test.sql:XXXX:1: error: in str : CQL0079: function got incorrect number of arguments 'round'
test/sem_test.sql:XXXX:1: error: in call : CQL0080: function may not appear in this context 'round'
test/sem_test.sql:XXXX:1: error: in str : CQL0079: function got incorrect number of arguments 'round'
test/sem_test.sql:XXXX:1: error: in str : CQL0082: second argument must be numeric 'round'
test/sem_test.sql:XXXX:1: error: in call : CQL0087: first argument must be of type real 'round'
test/sem_test.sql:XXXX:1: error: in num : CQL0001: operands must be an integer type, not real 'ROUND argument 2'
test/sem_test.sql:XXXX:1: error: in str : CQL0079: function got incorrect number of arguments 'avg'
test/sem_test.sql:XXXX:1: error: in str : CQL0082: argument must be numeric 'avg'
test/sem_test.sql:XXXX:1: error: in str : CQL0082: argument must be numeric 'avg'
test/sem_test.sql:XXXX:1: error: in str : CQL0094: function not yet implemented 'some_unknown_function'
test/sem_test.sql:XXXX:1: error: in while_stmt : CQL0015: expected numeric expression 'WHILE'
test/sem_test.sql:XXXX:1: error: in str : CQL0047: string operand not allowed in 'NOT'
test/sem_test.sql:XXXX:1: error: in str : CQL0184: stored procedures cannot be nested 'bar'
test/sem_test.sql:XXXX:1: error: in str : CQL0047: string operand not allowed in 'NOT'
test/sem_test.sql:XXXX:1: error: in str : CQL0047: string operand not allowed in 'NOT'
test/sem_test.sql:XXXX:1: error: in select_stmt : CQL0061: in multiple select/out statements, all columns must be an exact type match (expected real notnull; found integer notnull) 'B'
test/sem_test.sql:XXXX:1: error: in select_stmt : CQL0057: in multiple select/out statements, all must have the same column count
test/sem_test.sql:XXXX:1: error: in select_stmt : CQL0062: in multiple select/out statements, all columns must be an exact type match (including nullability) (expected integer notnull; found integer) 'A'
test/sem_test.sql:XXXX:1: error: in select_stmt : CQL0058: in multiple select/out statements, all column names must be identical so they have unambiguous names; error in column 1: 'A' vs. 'B'
test/sem_test.sql:XXXX:1: error: in select_stmt : CQL0055: all columns in the select must have a name
test/sem_test.sql:XXXX:1: error: in call_stmt : CQL0235: too many arguments provided to procedure 'with_result_set'
test/sem_test.sql:XXXX:1: error: in call_stmt : CQL0214: procedures with results can only be called using a cursor in global context 'with_result_set'
test/sem_test.sql:XXXX:1: error: in call_stmt : CQL0199: cursor requires a procedure that returns a result set via select 'curs'
test/sem_test.sql:XXXX:1: error: in opt_offset : CQL0015: expected numeric expression 'OFFSET'
test/sem_test.sql:XXXX:1: error: in call : CQL0081: aggregates only make sense if there is a FROM clause 'count'
test/sem_test.sql:XXXX:1: error: in call : CQL0080: function may not appear in this context 'count'
test/sem_test.sql:XXXX:1: error: in call : CQL0081: aggregates only make sense if there is a FROM clause 'max'
test/sem_test.sql:XXXX:1: error: in call : CQL0081: aggregates only make sense if there is a FROM clause 'avg'
test/sem_test.sql:XXXX:1: error: in str : CQL0013: cannot assign/copy possibly null expression to not null target 'my_int'
test/sem_test.sql:XXXX:1: error: in str : CQL0209: proc out parameter: arg must be an exact type match (expected integer; found real) 'my_real'
test/sem_test.sql:XXXX:1: error: in str : CQL0047: string operand not allowed in 'NOT'
test/sem_test.sql:XXXX:1: error: in str : CQL0047: string operand not allowed in 'NOT'
test/sem_test.sql:XXXX:1: error: in exists_expr : CQL0080: function may not appear in this context 'exists'
test/sem_test.sql:XXXX:1: error: in exists_expr : CQL0080: function may not appear in this context 'exists'
test/sem_test.sql:XXXX:1: error: in release_savepoint_stmt : CQL0221: savepoint has not been mentioned yet, probably wrong 'garbonzo'
test/sem_test.sql:XXXX:1: error: in rollback_trans_stmt : CQL0220: savepoint has not been mentioned yet, probably wrong 'another_garbonzo'
test/sem_test.sql:XXXX:1: error: in dot : CQL0068: field not found in cursor 'three'
test/sem_test.sql:XXXX:1: error: in dot : CQL0067: cursor was not used with 'fetch [cursor]' 'my_cursor'
test/sem_test.sql:XXXX:1: error: in str : CQL0206: duplicate name in list 'id'
test/sem_test.sql:XXXX:1: error: in name_list : CQL0096: join using column not found on the left side of the join 'idx'
test/sem_test.sql:XXXX:1: error: in name_list : CQL0097: join using column not found on the right side of the join 'name'
test/sem_test.sql:XXXX:1: error: in str : CQL0047: string operand not allowed in 'NOT'
test/sem_test.sql:XXXX:1: error: in null : CQL0076: NULL literal is useless in function 'coalesce'
test/sem_test.sql:XXXX:1: error: in num : CQL0077: encountered arg known to be not null before the end of the list, rendering the rest useless. '5'
test/sem_test.sql:XXXX:1: error: in str : CQL0075: incorrect number of arguments 'ifnull'
test/sem_test.sql:XXXX:1: error: in str : CQL0074: too few arguments provided 'ifnull'
test/sem_test.sql:XXXX:1: error: in str : CQL0012: incompatible types in expression 'ifnull'
test/sem_test.sql:XXXX:1: error: in str : CQL0047: string operand not allowed in 'NOT'
test/sem_test.sql:XXXX:1: error: in fk_def : CQL0023: number of columns on both sides of a foreign key must match
test/sem_test.sql:XXXX:1: error: in str : CQL0022: exact type of both sides of a foreign key must match (expected real; found integer notnull) 'id'
test/sem_test.sql:XXXX:1: error: in name_list : CQL0098: left/right column types in join USING(...) do not match exactly 'id'
test/sem_test.sql:XXXX:1: error: in str : CQL0079: function got incorrect number of arguments 'last_insert_rowid'
test/sem_test.sql:XXXX:1: error: in call : CQL0080: function may not appear in this context 'last_insert_rowid'
test/sem_test.sql:XXXX:1: error: in str : CQL0079: function got incorrect number of arguments 'changes'
test/sem_test.sql:XXXX:1: error: in call : CQL0080: function may not appear in this context 'changes'
test/sem_test.sql:XXXX:1: error: in call : CQL0080: function may not appear in this context 'printf'
test/sem_test.sql:XXXX:1: error: in str : CQL0153: duplicate target column name in update statement 'id'
test/sem_test.sql:XXXX:1: error: in str : CQL0079: function got incorrect number of arguments 'sum'
test/sem_test.sql:XXXX:1: error: in call : CQL0080: function may not appear in this context 'sum'
test/sem_test.sql:XXXX:1: error: in str : CQL0083: argument must be numeric 'sum'
test/sem_test.sql:XXXX:1: error: in call : CQL0084: second argument must be a string in function 'group_concat'
test/sem_test.sql:XXXX:1: error: in str : CQL0079: function got incorrect number of arguments 'group_concat'
test/sem_test.sql:XXXX:1: error: in str : CQL0079: function got incorrect number of arguments 'group_concat'
test/sem_test.sql:XXXX:1: error: in call : CQL0080: function may not appear in this context 'group_concat'
test/sem_test.sql:XXXX:1: error: in call : CQL0085: all arguments must be strings 'strftime'
test/sem_test.sql:XXXX:1: error: in call : CQL0085: all arguments must be strings 'strftime'
test/sem_test.sql:XXXX:1: error: in call : CQL0085: all arguments must be strings 'strftime'
test/sem_test.sql:XXXX:1: error: in call : CQL0080: function may not appear in this context 'strftime'
test/sem_test.sql:XXXX:1: error: in str : CQL0079: function got incorrect number of arguments 'strftime'
test/sem_test.sql:XXXX:1: error: in call : CQL0085: all arguments must be strings 'date'
test/sem_test.sql:XXXX:1: error: in call : CQL0085: all arguments must be strings 'date'
test/sem_test.sql:XXXX:1: error: in call : CQL0080: function may not appear in this context 'date'
test/sem_test.sql:XXXX:1: error: in str : CQL0079: function got incorrect number of arguments 'date'
test/sem_test.sql:XXXX:1: error: in call : CQL0085: all arguments must be strings 'time'
test/sem_test.sql:XXXX:1: error: in call : CQL0085: all arguments must be strings 'time'
test/sem_test.sql:XXXX:1: error: in call : CQL0080: function may not appear in this context 'time'
test/sem_test.sql:XXXX:1: error: in str : CQL0079: function got incorrect number of arguments 'time'
test/sem_test.sql:XXXX:1: error: in call : CQL0085: all arguments must be strings 'datetime'
test/sem_test.sql:XXXX:1: error: in call : CQL0085: all arguments must be strings 'datetime'
test/sem_test.sql:XXXX:1: error: in call : CQL0080: function may not appear in this context 'datetime'
test/sem_test.sql:XXXX:1: error: in str : CQL0079: function got incorrect number of arguments 'datetime'
test/sem_test.sql:XXXX:1: error: in call : CQL0085: all arguments must be strings 'julianday'
test/sem_test.sql:XXXX:1: error: in call : CQL0085: all arguments must be strings 'julianday'
test/sem_test.sql:XXXX:1: error: in call : CQL0080: function may not appear in this context 'julianday'
test/sem_test.sql:XXXX:1: error: in str : CQL0079: function got incorrect number of arguments 'julianday'
test/sem_test.sql:XXXX:1: error: in cast_expr : CQL0073: CAST may only appear in the context of SQL statement
test/sem_test.sql:XXXX:1: error: in num : CQL0170: cast is redundant, remove to reduce code size 'CAST(1 AS INTEGER)'
test/sem_test.sql:XXXX:1: error: in str : CQL0170: cast is redundant, remove to reduce code size 'CAST(idy AS INTEGER<y>)'
test/sem_test.sql:XXXX:1: error: in str : CQL0047: string operand not allowed in 'NOT'
test/sem_test.sql:XXXX:1: error: in declare_proc_no_check_stmt : CQL0404: procedure cannot be both a normal procedure and an unchecked procedure 'decl1'
test/sem_test.sql:XXXX:1: error: in str : CQL0194: declared procedures must be top level 'yy'
Incompatible declarations found
test/sem_test.sql:XXXX:1: error: in declare_proc_stmt : DECLARE PROC decl1 (id INTEGER)
test/sem_test.sql:XXXX:1: error: in declare_proc_stmt : DECLARE PROC decl1 (id INTEGER NOT NULL)
The above must be identical.
test/sem_test.sql:XXXX:1: error: in declare_proc_stmt : CQL0196: procedure declarations/definitions do not match 'decl1'
test/sem_test.sql:XXXX:1: error: in str : CQL0175: duplicate parameter name 'id'
test/sem_test.sql:XXXX:1: error: in str : CQL0190: duplicate column name 'id'
test/sem_test.sql:XXXX:1: error: in select_stmt : CQL0232: nested select expression must return exactly one column
test/sem_test.sql:XXXX:1: error: in in_pred : CQL0012: incompatible types in expression 'IN'
test/sem_test.sql:XXXX:1: error: in not_in : CQL0012: incompatible types in expression 'NOT IN'
test/sem_test.sql:XXXX:1: error: in select_core : CQL0058: if multiple selects, all column names must be identical so they have unambiguous names; error in column 2: 'C' vs. 'B'
test/sem_test.sql:XXXX:1: error: in str : CQL0047: string operand not allowed in 'NOT'
test/sem_test.sql:XXXX:1: error: in str : CQL0047: string operand not allowed in 'NOT'
test/sem_test.sql:XXXX:1: error: in select_stmt : CQL0070: expressions of different kinds can't be mixed: 'dollars' vs. 'euros'
test/sem_test.sql:XXXX:1: error: in str : CQL0079: function got incorrect number of arguments 'nullable'
test/sem_test.sql:XXXX:1: error: in str : CQL0079: function got incorrect number of arguments 'sensitive'
test/sem_test.sql:XXXX:1: error: in const : CQL0353: evaluation of constant failed
test/sem_test.sql:XXXX:1: error: in const : CQL0353: evaluation of constant failed
test/sem_test.sql:XXXX:1: error: in const : CQL0353: evaluation of constant failed
test/sem_test.sql:XXXX:1: error: in const : CQL0353: evaluation of constant failed
test/sem_test.sql:XXXX:1: error: in const : CQL0353: evaluation of constant failed
test/sem_test.sql:XXXX:1: error: in const : CQL0353: evaluation of constant failed
test/sem_test.sql:XXXX:1: error: in const : CQL0353: evaluation of constant failed
test/sem_test.sql:XXXX:1: error: in const : CQL0353: evaluation of constant failed
test/sem_test.sql:XXXX:1: error: in const : CQL0353: evaluation of constant failed
test/sem_test.sql:XXXX:1: error: in const : CQL0353: evaluation of constant failed
test/sem_test.sql:XXXX:1: error: in const : CQL0353: evaluation of constant failed
test/sem_test.sql:XXXX:1: error: in const : CQL0353: evaluation of constant failed
test/sem_test.sql:XXXX:1: error: in const : CQL0353: evaluation of constant failed
test/sem_test.sql:XXXX:1: error: in tilde : CQL0001: operands must be an integer type, not real '~'
test/sem_test.sql:XXXX:1: error: in const : CQL0353: evaluation of constant failed
test/sem_test.sql:XXXX:1: error: in const : CQL0353: evaluation of constant failed
test/sem_test.sql:XXXX:1: error: in const : CQL0353: evaluation of constant failed
test/sem_test.sql:XXXX:1: error: in const : CQL0353: evaluation of constant failed
test/sem_test.sql:XXXX:1: error: in const : CQL0353: evaluation of constant failed
test/sem_test.sql:XXXX:1: error: in const : CQL0353: evaluation of constant failed
test/sem_test.sql:XXXX:1: error: in const : CQL0353: evaluation of constant failed
test/sem_test.sql:XXXX:1: error: in const : CQL0353: evaluation of constant failed
test/sem_test.sql:XXXX:1: error: in const : CQL0353: evaluation of constant failed
test/sem_test.sql:XXXX:1: error: in const : CQL0353: evaluation of constant failed
test/sem_test.sql:XXXX:1: error: in const : CQL0353: evaluation of constant failed
test/sem_test.sql:XXXX:1: error: in const : CQL0353: evaluation of constant failed
test/sem_test.sql:XXXX:1: error: in const : CQL0353: evaluation of constant failed
test/sem_test.sql:XXXX:1: error: in const : CQL0353: evaluation of constant failed
test/sem_test.sql:XXXX:1: error: in const : CQL0353: evaluation of constant failed
test/sem_test.sql:XXXX:1: error: in const : CQL0353: evaluation of constant failed
test/sem_test.sql:XXXX:1: error: in const : CQL0353: evaluation of constant failed
test/sem_test.sql:XXXX:1: error: in const : CQL0353: evaluation of constant failed
test/sem_test.sql:XXXX:1: error: in const : CQL0353: evaluation of constant failed
test/sem_test.sql:XXXX:1: error: in const : CQL0353: evaluation of constant failed
test/sem_test.sql:XXXX:1: error: in const : CQL0353: evaluation of constant failed
test/sem_test.sql:XXXX:1: error: in const : CQL0353: evaluation of constant failed
test/sem_test.sql:XXXX:1: error: in const : CQL0353: evaluation of constant failed
test/sem_test.sql:XXXX:1: error: in const : CQL0353: evaluation of constant failed
test/sem_test.sql:XXXX:1: error: in const : CQL0353: evaluation of constant failed
test/sem_test.sql:XXXX:1: error: in const : CQL0353: evaluation of constant failed
test/sem_test.sql:XXXX:1: error: in const : CQL0353: evaluation of constant failed
test/sem_test.sql:XXXX:1: error: in const : CQL0353: evaluation of constant failed
test/sem_test.sql:XXXX:1: error: in const : CQL0353: evaluation of constant failed
test/sem_test.sql:XXXX:1: error: in const : CQL0353: evaluation of constant failed
test/sem_test.sql:XXXX:1: error: in const : CQL0353: evaluation of constant failed
test/sem_test.sql:XXXX:1: error: in const : CQL0353: evaluation of constant failed
test/sem_test.sql:XXXX:1: error: in const : CQL0353: evaluation of constant failed
test/sem_test.sql:XXXX:1: error: in const : CQL0353: evaluation of constant failed
test/sem_test.sql:XXXX:1: error: in const : CQL0353: evaluation of constant failed
test/sem_test.sql:XXXX:1: error: in const : CQL0353: evaluation of constant failed
test/sem_test.sql:XXXX:1: error: in const : CQL0353: evaluation of constant failed
test/sem_test.sql:XXXX:1: error: in const : CQL0353: evaluation of constant failed
test/sem_test.sql:XXXX:1: error: in const : CQL0353: evaluation of constant failed
test/sem_test.sql:XXXX:1: error: in const : CQL0353: evaluation of constant failed
test/sem_test.sql:XXXX:1: error: in const : CQL0353: evaluation of constant failed
test/sem_test.sql:XXXX:1: error: in const : CQL0353: evaluation of constant failed
test/sem_test.sql:XXXX:1: error: in const : CQL0353: evaluation of constant failed
test/sem_test.sql:XXXX:1: error: in const : CQL0353: evaluation of constant failed
test/sem_test.sql:XXXX:1: error: in str : CQL0206: duplicate name in list 'a'
test/sem_test.sql:XXXX:1: error: in cte_decl : CQL0100: duplicate common table name 'some_cte'
test/sem_test.sql:XXXX:1: error: in cte_decl : CQL0101: too few column names specified in common table expression 'some_cte'
test/sem_test.sql:XXXX:1: error: in cte_decl : CQL0102: too many column names specified in common table expression 'some_cte'
test/sem_test.sql:XXXX:1: error: in str : CQL0047: string operand not allowed in 'NOT'
test/sem_test.sql:XXXX:1: error: in str : CQL0047: string operand not allowed in 'NOT'
test/sem_test.sql:XXXX:1: error: in cte_decl : CQL0437: common table name shadows previously declared table or view 'foo'
test/sem_test.sql:XXXX:1: error: in cte_decl : CQL0437: common table name shadows previously declared table or view 'MyView'
test/sem_test.sql:XXXX:1: error: in cte_decl : CQL0437: common table name shadows previously declared table or view 'foo'
test/sem_test.sql:XXXX:1: error: in cte_decl : CQL0437: common table name shadows previously declared table or view 'MyView'
test/sem_test.sql:XXXX:1: error: in create_proc_stmt : CQL0440: fragments may not have an empty body 'empty_fragment'
test/sem_test.sql:XXXX:1: error: in call_stmt : CQL0212: too few arguments provided to procedure 'a_shared_frag'
test/sem_test.sql:XXXX:1: error: in if_stmt : CQL0442: shared fragments with conditionals must include an else clause 'bogus_conditional_no_else'
test/sem_test.sql:XXXX:1: error: in cte_decl : CQL0057: bogus_cte, all must have the same column count
test/sem_test.sql:XXXX:1: error: in stmt_list : CQL0443: shared fragments with conditionals must have exactly one SELECT, or WITH...SELECT in each statement list 'bogus_conditional_two_selects'
test/sem_test.sql:XXXX:1: error: in declare_vars_type : CQL0443: shared fragments with conditionals must have exactly SELECT, or WITH...SELECT in each statement list 'bogus_conditional_non_select'
test/sem_test.sql:XXXX:1: error: in cond_action : CQL0443: shared fragments with conditionals must have exactly one SELECT, or WITH...SELECT in each statement list 'bogus_conditional_empty_clause'
test/sem_test.sql:XXXX:1: error: in if_stmt : CQL0443: shared fragments with conditionals must have exactly one SELECT, or WITH...SELECT in each statement list 'bogus_conditional_empty_else_clause'
test/sem_test.sql:XXXX:1: error: in call_stmt : CQL0434: shared fragments may not be called outside of a SQL statement 'a_shared_frag'
test/sem_test.sql:XXXX:1: error: in call_stmt : CQL0430: no actual table was provided for the table parameter 'source'
test/sem_test.sql:XXXX:1: error: in str : CQL0070: expressions of different kinds can't be mixed: 'meters' vs. 'job'
test/sem_test.sql:XXXX:1: error: in like : CQL0202: must be a cursor, proc, table, or view 'there_is_no_such_source'
test/sem_test.sql:XXXX:1: error: in like : CQL0427: LIKE CTE form may only be used inside a shared fragment at the top level i.e. @attribute(cql:shared_fragment)
test/sem_test.sql:XXXX:1: error: in like : CQL0427: LIKE CTE form may only be used inside a shared fragment at the top level i.e. @attribute(cql:shared_fragment) 'not_a_shared_fragment'
test/sem_test.sql:XXXX:1: error: in cte_binding_list : CQL0429: called procedure has no table arguments but a USING clause is present 'a_shared_frag'
test/sem_test.sql:XXXX:1: error: in cte_binding_list : CQL0430: no actual table was provided for the table parameter 'source'
test/sem_test.sql:XXXX:1: error: in str : CQL0428: duplicate binding of table in CALL/USING clause 'bar'
test/sem_test.sql:XXXX:1: error: in str : CQL0431: an actual table was provided for a table parameter that does not exist 'bogus'
test/sem_test.sql:XXXX:1: error: in str : CQL0095: table/view not defined 'bogus'
test/sem_test.sql:XXXX:1: error: in str : CQL0432: table provided must have the same number of columns as the table parameter 'some_cte'
test/sem_test.sql:XXXX:1: error: in str : CQL0433: table argument 'source' requires column 'z' but it is missing in provided table 'some_cte'
test/sem_test.sql:XXXX:1: error: in str : CQL0012: incompatible types in expression 'z'
test/sem_test.sql:XXXX:1: error: in like : CQL0427: LIKE CTE form may only be used inside a shared fragment at the top level i.e. @attribute(cql:shared_fragment) 'bogus_like_in_shared'
test/sem_test.sql:XXXX:1: error: in cte_decl : CQL0101: too few column names specified in common table expression 'source'
test/sem_test.sql:XXXX:1: error: in str : CQL0206: duplicate name in list 'id'
test/sem_test.sql:XXXX:1: error: in str : CQL0206: duplicate name in list 'id'
test/sem_test.sql:XXXX:1: error: in str : CQL0206: duplicate name in list 'goo'
test/sem_test.sql:XXXX:1: error: in str : CQL0206: duplicate name in list 'goo'
test/sem_test.sql:XXXX:1: error: in str : CQL0224: a CALL statement inside SQL may call only a shared fragment i.e. @attribute(cql:shared_fragment) 'return_with_attr'
test/sem_test.sql:XXXX:1: error: in call_stmt : CQL0323: calls to undeclared procedures are forbidden; declaration missing or typo 'this_is_not_even_a_proc'
test/sem_test.sql:XXXX:1: error: in stmt_list : CQL0179: shared fragments must consist of exactly one top level statement 'test_shared_fragment_wrong_form'
test/sem_test.sql:XXXX:1: error: in stmt_list : CQL0208: shared fragments cannot have any out or in/out parameters 'x'
test/sem_test.sql:XXXX:1: error: in declare_vars_type : CQL0441: shared fragments may only have IF, SELECT, or WITH...SELECT at the top level 'test_shared_fragment_wrong_form_not_select'
test/sem_test.sql:XXXX:1: error: in str : CQL0206: duplicate name in list 'current'
test/sem_test.sql:XXXX:1: error: in str : CQL0047: string operand not allowed in 'NOT'
test/sem_test.sql:XXXX:1: error: in str : CQL0047: string operand not allowed in 'NOT'
test/sem_test.sql:XXXX:1: error: in str : CQL0047: string operand not allowed in 'NOT'
test/sem_test.sql:XXXX:1: error: in table_star : CQL0053: select [table].* cannot be used with no FROM clause
test/sem_test.sql:XXXX:1: error: in table_star : CQL0054: table not found 'T'
test/sem_test.sql:XXXX:1: error: in str : CQL0193: duplicate function name 'simple_func'
test/sem_test.sql:XXXX:1: error: in str : CQL0195: proc name conflicts with func name 'simple_func'
test/sem_test.sql:XXXX:1: error: in str : CQL0185: proc name conflicts with func name 'simple_func'
test/sem_test.sql:XXXX:1: error: in str : CQL0192: func name conflicts with proc name 'proc1'
test/sem_test.sql:XXXX:1: error: in str : CQL0191: declared functions must be top level 'foo'
test/sem_test.sql:XXXX:1: error: in str : CQL0175: duplicate parameter name 'a'
test/sem_test.sql:XXXX:1: error: in str : CQL0012: incompatible types in expression 'arg1'
test/sem_test.sql:XXXX:1: error: in str : CQL0047: string operand not allowed in 'NOT'
test/sem_test.sql:XXXX:1: error: in call : CQL0088: user function may not appear in the context of a SQL statement 'simple_func'
test/sem_test.sql:XXXX:1: error: in str : CQL0002: left operand cannot be an object in '<'
test/sem_test.sql:XXXX:1: error: in str : CQL0003: right operand cannot be an object in '<'
test/sem_test.sql:XXXX:1: error: in str : CQL0002: left operand cannot be an object in '+'
test/sem_test.sql:XXXX:1: error: in str : CQL0003: right operand cannot be an object in '+'
test/sem_test.sql:XXXX:1: error: in str : CQL0046: object operand not allowed in 'NOT'
test/sem_test.sql:XXXX:1: error: in str : CQL0046: object operand not allowed in '-'
test/sem_test.sql:XXXX:1: error: in str : CQL0009: incompatible types in expression 'a_string'
test/sem_test.sql:XXXX:1: error: in str : CQL0010: incompatible types in expression 'obj_var'
test/sem_test.sql:XXXX:1: error: in str : CQL0041: tables cannot have object columns 'obj'
test/sem_test.sql:XXXX:1: error: in str : CQL0064: object variables may not appear in the context of a SQL statement (except table-valued functions) 'obj_var'
test/sem_test.sql:XXXX:1: error: in in_pred : CQL0010: incompatible types in expression 'IN'
test/sem_test.sql:XXXX:1: error: in in_pred : CQL0010: incompatible types in expression 'IN'
test/sem_test.sql:XXXX:1: error: in in_pred : CQL0009: incompatible types in expression 'IN'
test/sem_test.sql:XXXX:1: error: in str : CQL0072: first operand cannot be an object in 'BETWEEN'
test/sem_test.sql:XXXX:1: error: in between : CQL0012: incompatible types in expression 'BETWEEN'
test/sem_test.sql:XXXX:1: error: in between : CQL0012: incompatible types in expression 'BETWEEN'
test/sem_test.sql:XXXX:1: error: in str : CQL0072: first operand cannot be an object in 'NOT BETWEEN'
test/sem_test.sql:XXXX:1: error: in not_between : CQL0012: incompatible types in expression 'NOT BETWEEN'
test/sem_test.sql:XXXX:1: error: in not_between : CQL0012: incompatible types in expression 'NOT BETWEEN'
test/sem_test.sql:XXXX:1: error: in call : CQL0070: expressions of different kinds can't be mixed: 'dollars' vs. 'euros'
test/sem_test.sql:XXXX:1: error: in str : CQL0344: argument must be a nullable type (but not constant NULL) in 'ifnull_crash'
test/sem_test.sql:XXXX:1: error: in null : CQL0344: argument must be a nullable type (but not constant NULL) in 'ifnull_crash'
test/sem_test.sql:XXXX:1: error: in str : CQL0079: function got incorrect number of arguments 'ifnull_crash'
test/sem_test.sql:XXXX:1: error: in call : CQL0080: function may not appear in this context 'ifnull_crash'
test/sem_test.sql:XXXX:1: error: in str : CQL0070: expressions of different kinds can't be mixed: 'Bar' vs. 'Foo'
test/sem_test.sql:XXXX:1: error: in str : CQL0070: expressions of different kinds can't be mixed: 'Bar' vs. 'Foo'
test/sem_test.sql:XXXX:1: error: in str : CQL0069: name not found 'bar_object'
test/sem_test.sql:XXXX:1: error: in str : CQL0070: expressions of different kinds can't be mixed: 'Bar' vs. 'Foo'
test/sem_test.sql:XXXX:1: error: in str : CQL0069: name not found 'foo_object'
test/sem_test.sql:XXXX:1: error: in str : CQL0047: string operand not allowed in 'NOT'
test/sem_test.sql:XXXX:1: error: in insert_stmt : CQL0158: required column missing in INSERT statement 'id'
test/sem_test.sql:XXXX:1: error: in str : CQL0171: name not found 'garbonzo'
test/sem_test.sql:XXXX:1: error: in str : CQL0172: name list has duplicate name 'id'
test/sem_test.sql:XXXX:1: error: in str : CQL0161: cannot insert into a view 'MyView'
test/sem_test.sql:XXXX:1: error: in str : CQL0160: table in insert statement does not exist 'garbonzo'
test/sem_test.sql:XXXX:1: error: in str : CQL0070: expressions of different kinds can't be mixed: 'Goo' vs. 'Bar'
test/sem_test.sql:XXXX:1: error: in str : CQL0047: string operand not allowed in 'NOT'
test/sem_test.sql:XXXX:1: error: in insert_stmt : CQL0157: count of columns differs from count of values
test/sem_test.sql:XXXX:1: error: in str : CQL0047: string operand not allowed in 'NOT'
test/sem_test.sql:XXXX:1: error: in str : CQL0012: incompatible types in expression 'id'
test/sem_test.sql:XXXX:1: error: in col_def : CQL0147: adding a not nullable column with no default value is not allowed 'name'
test/sem_test.sql:XXXX:1: error: in col_def : CQL0149: added column must be an exact match for the column type declared in the table 'name'
test/sem_test.sql:XXXX:1: error: in col_def : CQL0148: added column must already be reflected in declared schema, with @create, exact name match required 'goo'
test/sem_test.sql:XXXX:1: error: in col_def : CQL0148: added column must already be reflected in declared schema, with @create, exact name match required 'NAME'
test/sem_test.sql:XXXX:1: error: in str : CQL0041: tables cannot have object columns 'foo'
test/sem_test.sql:XXXX:1: error: in col_def : CQL0146: adding an auto increment column is not allowed 'id'
test/sem_test.sql:XXXX:1: error: in str : CQL0144: table in alter statement does not exist 'garbonzo'
test/sem_test.sql:XXXX:1: error: in str : CQL0144: cannot alter a view 'MyView'
test/sem_test.sql:XXXX:1: error: in schema_upgrade_version_stmt : CQL0230: schema upgrade version declaration must be outside of any proc
test/sem_test.sql:XXXX:1: error: in schema_upgrade_version_stmt : CQL0231: schema upgrade version declaration must come before any tables are declared
test/sem_test.sql:XXXX:1: error: in schema_upgrade_version_stmt : CQL0228: schema upgrade version must be a positive integer
test/sem_test.sql:XXXX:1: error: in col_def : CQL0145: version annotations not valid in alter statement 'name'
test/sem_test.sql:XXXX:1: error: in col_def : CQL0145: version annotations not valid in alter statement 'name'
test/sem_test.sql:XXXX:1: error: in delete_attr : CQL0026: duplicate version annotation
test/sem_test.sql:XXXX:1: error: in create_attr : CQL0026: duplicate version annotation
test/sem_test.sql:XXXX:1: error: in create_attr : CQL0025: version number in annotation must be positive
test/sem_test.sql:XXXX:1: error: in str : CQL0069: name not found 'id'
test/sem_test.sql:XXXX:1: error: in str : CQL0027: a procedure can appear in only one annotation 'creator'
test/sem_test.sql:XXXX:1: error: in str : CQL0187: @schema_upgrade_version not declared or doesn't match upgrade version 4 for proc 'creator'
test/sem_test.sql:XXXX:1: error: in col_def : CQL0032: created columns must be at the end and must be in version order 'col3'
test/sem_test.sql:XXXX:1: error: in col_def : CQL0034: create/delete version numbers can only be applied to columns that are nullable or have a default value 'col2'
test/sem_test.sql:XXXX:1: error: in col_def : CQL0034: create/delete version numbers can only be applied to columns that are nullable or have a default value 'col2'
test/sem_test.sql:XXXX:1: error: in col_def : CQL0035: column delete version can't be <= column create version 'col2'
test/sem_test.sql:XXXX:1: error: in create_attr : CQL0338: the name of a migration procedure may not end in '_crc' 'x_crc'
test/sem_test.sql:XXXX:1: error: in create_attr : CQL0026: duplicate version annotation
test/sem_test.sql:XXXX:1: error: in delete_attr : CQL0026: duplicate version annotation
test/sem_test.sql:XXXX:1: error: in str : CQL0019: create index table name not found (hidden by @delete) 'versioned_table'
test/sem_test.sql:XXXX:1: error: in fk_def : CQL0021: foreign key refers to non-existent table (hidden by @delete) 'versioned_table'
test/sem_test.sql:XXXX:1: error: in table_or_subquery : CQL0095: table/view not defined (hidden by @delete) 'versioned_table'
test/sem_test.sql:XXXX:1: error: in str : CQL0151: table in delete statement does not exist (hidden by @delete) 'versioned_table'
test/sem_test.sql:XXXX:1: error: in str : CQL0160: table in insert statement does not exist (hidden by @delete) 'versioned_table'
test/sem_test.sql:XXXX:1: error: in str : CQL0160: table in insert statement does not exist (hidden by @delete) 'versioned_table'
Incompatible declarations found
test/sem_test.sql:XXXX:1: error: in create_table_stmt : CREATE TABLE versioned_table(
  id INTEGER @CREATE(2)
) @CREATE(1, table_create_proc) @DELETE(3, table_delete_proc)
test/sem_test.sql:XXXX:1: error: in create_view_stmt : CREATE VIEW versioned_table AS
SELECT 1 AS x
The above must be identical.
test/sem_test.sql:XXXX:1: error: in str : CQL0103: duplicate table/view name 'versioned_table'
test/sem_test.sql:XXXX:1: error: in str : CQL0198: global variable hides table/view name 'versioned_table'
Incompatible declarations found
test/sem_test.sql:XXXX:1: error: in create_table_stmt : CREATE TABLE versioned_table(
  id INTEGER @CREATE(2)
) @CREATE(1, table_create_proc) @DELETE(3, table_delete_proc)
test/sem_test.sql:XXXX:1: error: in create_table_stmt : CREATE TABLE versioned_table(
  id2 INTEGER
)
The above must be identical.
test/sem_test.sql:XXXX:1: error: in str : CQL0103: duplicate table/view name 'versioned_table'
test/sem_test.sql:XXXX:1: error: in str : CQL0108: table in drop statement does not exist 'garbonzo'
test/sem_test.sql:XXXX:1: error: in str : CQL0109: cannot drop a view with drop table 'MyView'
test/sem_test.sql:XXXX:1: error: in col_def : CQL0036: column delete version can't be <= the table create version 'id'
test/sem_test.sql:XXXX:1: error: in col_def : CQL0038: column create version can't be <= the table create version 'id'
test/sem_test.sql:XXXX:1: error: in col_def : CQL0037: column delete version can't be >= the table delete version 'id'
test/sem_test.sql:XXXX:1: error: in col_def : CQL0039: column create version can't be >= the table delete version 'id'
test/sem_test.sql:XXXX:1: error: in previous_schema_stmt : CQL0225: switching to previous schema validation mode must be outside of any proc
test/sem_test.sql:XXXX:1: error: in str : CQL0180: duplicate column name in result not allowed 'id'
test/sem_test.sql:XXXX:1: error: in create_proc_stmt : CQL0180: duplicate column name in result not allowed 'id'
test/sem_test.sql:XXXX:1: error: in schema_upgrade_script_stmt : CQL0227: schema upgrade declaration must come before any tables are declared
test/sem_test.sql:XXXX:1: error: in schema_upgrade_script_stmt : CQL0226: schema upgrade declaration must be outside of any proc
test/sem_test.sql:XXXX:1: error: in col_def : CQL0148: added column must already be reflected in declared schema, with @create, exact name match required 'id'
test/sem_test.sql:XXXX:1: error: in col_def : CQL0148: added column must already be reflected in declared schema, with @create, exact name match required 'something_deleted'
test/sem_test.sql:XXXX:1: error: in str : CQL0047: string operand not allowed in 'NOT'
test/sem_test.sql:XXXX:1: error: in str : CQL0110: view in drop statement does not exist 'view_not_present'
test/sem_test.sql:XXXX:1: error: in str : CQL0111: cannot drop a table with drop view 'foo'
test/sem_test.sql:XXXX:1: error: in str : CQL0112: index in drop statement was not declared 'I_dont_see_no_steekin_index'
test/sem_test.sql:XXXX:1: error: in col_attrs_not_null : CQL0030: a column attribute was specified twice on the same column 'id'
test/sem_test.sql:XXXX:1: error: in col_def : CQL0031: column can't be primary key and also unique key 'id'
test/sem_test.sql:XXXX:1: error: in str : CQL0143: more than one primary key in table 'baz'
test/sem_test.sql:XXXX:1: error: in str : CQL0156: seed expression must be a non-nullable integer
test/sem_test.sql:XXXX:1: error: in str : CQL0047: string operand not allowed in 'NOT'
test/sem_test.sql:XXXX:1: error: in str : CQL0004: left operand cannot be a blob in '<'
test/sem_test.sql:XXXX:1: error: in str : CQL0005: right operand cannot be a blob in '<'
test/sem_test.sql:XXXX:1: error: in str : CQL0004: left operand cannot be a blob in '+'
test/sem_test.sql:XXXX:1: error: in str : CQL0005: right operand cannot be a blob in '+'
test/sem_test.sql:XXXX:1: error: in str : CQL0045: blob operand not allowed in 'NOT'
test/sem_test.sql:XXXX:1: error: in str : CQL0045: blob operand not allowed in '-'
test/sem_test.sql:XXXX:1: error: in str : CQL0009: incompatible types in expression 'a_string'
test/sem_test.sql:XXXX:1: error: in str : CQL0011: incompatible types in expression 'blob_var'
test/sem_test.sql:XXXX:1: error: in concat : CQL0241: CONCAT may only appear in the context of a SQL statement
test/sem_test.sql:XXXX:1: error: in str : CQL0243: blob operand must be converted to string first in '||'
test/sem_test.sql:XXXX:1: error: in str : CQL0243: blob operand must be converted to string first in '||'
test/sem_test.sql:XXXX:1: error: in in_pred : CQL0011: incompatible types in expression 'IN'
test/sem_test.sql:XXXX:1: error: in in_pred : CQL0011: incompatible types in expression 'IN'
test/sem_test.sql:XXXX:1: error: in in_pred : CQL0009: incompatible types in expression 'IN'
test/sem_test.sql:XXXX:1: error: in str : CQL0071: first operand cannot be a blob in 'BETWEEN'
test/sem_test.sql:XXXX:1: error: in between : CQL0012: incompatible types in expression 'BETWEEN'
test/sem_test.sql:XXXX:1: error: in between : CQL0012: incompatible types in expression 'BETWEEN'
test/sem_test.sql:XXXX:1: error: in str : CQL0071: first operand cannot be a blob in 'NOT BETWEEN'
test/sem_test.sql:XXXX:1: error: in not_between : CQL0012: incompatible types in expression 'NOT BETWEEN'
test/sem_test.sql:XXXX:1: error: in not_between : CQL0012: incompatible types in expression 'NOT BETWEEN'
test/sem_test.sql:XXXX:1: error: in str : CQL0010: incompatible types in expression 'o1'
test/sem_test.sql:XXXX:1: error: in in_pred : CQL0078: [not] in (select ...) is only allowed inside of select lists, where, on, and having clauses
test/sem_test.sql:XXXX:1: error: in not_in : CQL0078: [not] in (select ...) is only allowed inside of select lists, where, on, and having clauses
test/sem_test.sql:XXXX:1: error: in call_stmt : CQL0235: too many arguments provided to procedure 'out_cursor_proc'
test/sem_test.sql:XXXX:1: error: in call_stmt : CQL0203: cursor requires a procedure that returns a cursor with OUT 'QQ'
test/sem_test.sql:XXXX:1: error: in out_stmt : CQL0223: cursor was not fetched with the auto-fetch syntax 'fetch [cursor]' 'C'
test/sem_test.sql:XXXX:1: error: in out_stmt : CQL0058: in multiple select/out statements, all column names must be identical so they have unambiguous names; error in column 2: 'B' vs. 'C'
test/sem_test.sql:XXXX:1: error: in select_stmt : CQL0063: can't mix and match out, out union, or select/call for return values 'out_cursor_proc_mixed_cursor_select'
test/sem_test.sql:XXXX:1: error: in out_stmt : CQL0063: can't mix and match out, out union, or select/call for return values 'out_cursor_proc_mixed_cursor_select_select_first'
test/sem_test.sql:XXXX:1: error: in out_union_stmt : CQL0063: can't mix and match out, out union, or select/call for return values 'out_cursor_proc_mixed_cursor_select_then_union'
test/sem_test.sql:XXXX:1: error: in call_stmt : CQL0063: can't mix and match out, out union, or select/call for return values 'out_union_call_and_out_union'
test/sem_test.sql:XXXX:1: error: in out_union_stmt : CQL0063: can't mix and match out, out union, or select/call for return values 'out_union_call_and_out_union_other_order'
test/sem_test.sql:XXXX:1: error: in str : CQL0205: not a cursor 'C'
test/sem_test.sql:XXXX:1: error: in out_stmt : CQL0222: out cursor statement only makes sense inside of a procedure
test/sem_test.sql:XXXX:1: error: in str : CQL0215: value cursors are not used with FETCH C, or FETCH C INTO 'C'
test/sem_test.sql:XXXX:1: error: in str : CQL0047: string operand not allowed in 'NOT'
test/sem_test.sql:XXXX:1: error: in call_stmt : CQL0203: cursor requires a procedure that returns a cursor with OUT 'C'
test/sem_test.sql:XXXX:1: error: in declare_value_cursor : CQL0197: duplicate variable name in the same scope 'C'
test/sem_test.sql:XXXX:1: error: in call : CQL0451: procedure as function call is not compatible with DISTINCT or filter clauses 'proc_func'
test/sem_test.sql:XXXX:1: error: in call : CQL0235: too many arguments provided to procedure 'proc_with_single_output'
test/sem_test.sql:XXXX:1: error: in call : CQL0091: stored procs that deal with result sets or cursors cannot be invoked as functions 'out_cursor_proc'
test/sem_test.sql:XXXX:1: error: in param : CQL0211: procedure without trailing OUT parameter used as function 'proc2'
test/sem_test.sql:XXXX:1: error: in call : CQL0224: a function call to a procedure inside SQL may call only a shared fragment i.e. @attribute(cql:shared_fragment) 'proc_with_single_output'
test/sem_test.sql:XXXX:1: error: in call_stmt : CQL0235: too many arguments provided to procedure 'out_cursor_proc'
test/sem_test.sql:XXXX:1: error: in str : CQL0205: not a cursor 'C'
test/sem_test.sql:XXXX:1: error: in str : CQL0205: not a cursor 'C'
test/sem_test.sql:XXXX:1: error: in call_stmt : CQL0058: receiving cursor from call, all column names must be identical so they have unambiguous names; error in column 2: 'C' vs. 'B'
test/sem_test.sql:XXXX:1: error: in str : CQL0069: name not found 'not_a_cursor'
test/sem_test.sql:XXXX:1: error: in str : CQL0165: fetch values is only for value cursors, not for sqlite cursors 'my_cursor'
test/sem_test.sql:XXXX:1: error: in str : CQL0047: string operand not allowed in 'NOT'
test/sem_test.sql:XXXX:1: error: in fetch_values_stmt : CQL0166: count of columns differs from count of values
test/sem_test.sql:XXXX:1: error: in fetch_values_stmt : CQL0168: CQL has no good way to generate dummy blobs; not supported for now
test/sem_test.sql:XXXX:1: error: in fetch_values_stmt : CQL0167: required column missing in FETCH statement 'B'
test/sem_test.sql:XXXX:1: error: in str : CQL0047: string operand not allowed in 'NOT'
test/sem_test.sql:XXXX:1: error: in str : CQL0012: incompatible types in expression 'B'
test/sem_test.sql:XXXX:1: error: in str : CQL0205: not a cursor 'C0'
test/sem_test.sql:XXXX:1: error: in str : CQL0205: not a cursor 'C1'
test/sem_test.sql:XXXX:1: error: in str : CQL0165: fetch values is only for value cursors, not for sqlite cursors 'C1'
test/sem_test.sql:XXXX:1: error: in columns_values : CQL0299: [shape] has too few fields 'C0'
test/sem_test.sql:XXXX:1: error: in str : CQL0298: cannot read from a cursor without fields 'C0'
test/sem_test.sql:XXXX:1: error: in like : CQL0200: variable is not a cursor 'C0'
test/sem_test.sql:XXXX:1: error: in declare_cursor_like_name : CQL0197: duplicate variable name in the same scope 'C0'
test/sem_test.sql:XXXX:1: error: in like : CQL0202: must be a cursor, proc, table, or view 'C0'
test/sem_test.sql:XXXX:1: error: in like : CQL0178: proc has no result 'decl1'
test/sem_test.sql:XXXX:1: error: in str : CQL0047: string operand not allowed in 'NOT'
test/sem_test.sql:XXXX:1: error: in declare_cursor_like_select : CQL0197: duplicate variable name in the same scope 'X'
test/sem_test.sql:XXXX:1: error: in dot : CQL0069: name not found 'T1.rowid'
test/sem_test.sql:XXXX:1: error: in str : CQL0066: identifier is ambiguous 'rowid'
test/sem_test.sql:XXXX:1: error: in name_list : CQL0272: columns referenced in the foreign key statement should match exactly a unique key in the parent table 'bar'
test/sem_test.sql:XXXX:1: error: in str : CQL0154: table in update statement does not exist 'This_Table_Does_Not_Exist'
test/sem_test.sql:XXXX:1: error: in col_def : CQL0028: FK reference must be exactly one column with the correct type 'fk_src'
test/sem_test.sql:XXXX:1: error: in col_def : CQL0028: FK reference must be exactly one column with the correct type 'fk_src'
test/sem_test.sql:XXXX:1: error: in col_def : CQL0021: foreign key refers to non-existent table 'no_such_table'
test/sem_test.sql:XXXX:1: error: in str : CQL0171: name not found 'no_such_column'
test/sem_test.sql:XXXX:1: error: in autoinc_and_conflict_clause : CQL0029: autoincrement column must be [LONG_]INTEGER PRIMARY KEY 'id'
test/sem_test.sql:XXXX:1: error: in create_table_stmt : CQL0141: table has an AUTOINCREMENT column; it cannot also be WITHOUT ROWID 'bogus_without_rowid'
test/sem_test.sql:XXXX:1: error: in col_def : CQL0033: columns in a table marked @recreate cannot have @create or @delete 'id'
test/sem_test.sql:XXXX:1: error: in str : CQL0047: string operand not allowed in 'NOT'
test/sem_test.sql:XXXX:1: error: in str : CQL0047: string operand not allowed in 'NOT'
test/sem_test.sql:XXXX:1: error: in insert_stmt : CQL0157: count of columns differs from count of values
test/sem_test.sql:XXXX:1: error: in str : CQL0012: incompatible types in expression 'id'
test/sem_test.sql:XXXX:1: error: in str : CQL0047: string operand not allowed in 'NOT'
test/sem_test.sql:XXXX:1: error: in call : CQL0089: user function may only appear in the context of a SQL statement 'SqlUserFunc'
test/sem_test.sql:XXXX:1: error: in call : CQL0089: user function may only appear in the context of a SQL statement 'SqlUserFunc'
test/sem_test.sql:XXXX:1: error: in call : CQL0089: user function may only appear in the context of a SQL statement 'SqlUserFunc'
test/sem_test.sql:XXXX:1: error: in str : CQL0192: func name conflicts with proc name 'foo'
test/sem_test.sql:XXXX:1: error: in dot : CQL0201: expanding FROM ARGUMENTS, there is no argument matching 'name'
test/sem_test.sql:XXXX:1: error: in like : CQL0202: must be a cursor, proc, table, or view 'bogus_name_here'
test/sem_test.sql:XXXX:1: error: in str : CQL0163: FROM ARGUMENTS construct is only valid inside a procedure
test/sem_test.sql:XXXX:1: error: in columns_values : CQL0299: [shape] has too few fields 'ARGUMENTS'
test/sem_test.sql:XXXX:1: error: in from_shape : CQL0297: FROM [shape] is redundant if column list is empty
test/sem_test.sql:XXXX:1: error: in columns_values : CQL0299: [shape] has too few fields 'ARGUMENTS'
test/sem_test.sql:XXXX:1: error: in like : CQL0202: must be a cursor, proc, table, or view 'garbonzo'
test/sem_test.sql:XXXX:1: error: in select_stmt : CQL0055: all columns in the select must have a name
test/sem_test.sql:XXXX:1: error: in select_stmt : CQL0055: all columns in the select must have a name
test/sem_test.sql:XXXX:1: error: in like : CQL0178: proc has no result 'proc1'
test/sem_test.sql:XXXX:1: error: in like : CQL0178: proc has no result 'proc1'
test/sem_test.sql:XXXX:1: error: in like : CQL0202: must be a cursor, proc, table, or view 'this_thing_doesnt_exist'
test/sem_test.sql:XXXX:1: error: in str : CQL0142: duplicate column name 'f1'
test/sem_test.sql:XXXX:1: error: in create_view_stmt : CQL0139: temp objects may not have versioning annotations 'bogus_temp_view_with_versioning'
test/sem_test.sql:XXXX:1: error: in create_trigger_stmt : CQL0139: temp objects may not have versioning annotations 'bogus_temp_trigger'
test/sem_test.sql:XXXX:1: error: in create_table_stmt : CQL0139: temp objects may not have versioning annotations 'bogus_temp_with_create_versioning'
test/sem_test.sql:XXXX:1: error: in create_table_stmt : CQL0139: temp objects may not have versioning annotations 'bogus_temp_with_delete_versioning'
test/sem_test.sql:XXXX:1: error: in create_table_stmt : CQL0139: temp objects may not have versioning annotations 'bogus_temp_with_recreate_versioning'
test/sem_test.sql:XXXX:1: error: in col_def : CQL0140: columns in a temp table may not have versioning attributes 'id'
test/sem_test.sql:XXXX:1: error: in match : CQL0044: operator may only appear in the context of a SQL statement 'MATCH'
test/sem_test.sql:XXXX:1: error: in glob : CQL0044: operator may only appear in the context of a SQL statement 'GLOB'
test/sem_test.sql:XXXX:1: error: in match : CQL0044: operator may only appear in the context of a SQL statement 'MATCH'
test/sem_test.sql:XXXX:1: error: in regexp : CQL0044: operator may only appear in the context of a SQL statement 'REGEXP'
test/sem_test.sql:XXXX:1: error: in bin_and : CQL0001: operands must be an integer type, not real '&'
test/sem_test.sql:XXXX:1: error: in tilde : CQL0001: operands must be an integer type, not real '~'
test/sem_test.sql:XXXX:1: error: in dot : CQL0069: name not found 'new.id'
test/sem_test.sql:XXXX:1: error: in dot : CQL0069: name not found 'old.id'
Incompatible declarations found
test/sem_test.sql:XXXX:1: error: in create_trigger_stmt : CREATE TRIGGER trigger3
  INSTEAD OF UPDATE ON ViewShape
  WHEN old.b > 1 AND new.b < 3
BEGIN
UPDATE bar
SET id = 7
  WHERE rate > old.b AND rate < new.b;

INSERT INTO bar(id, name, rate) VALUES(7, 'goo', 17L);
END
test/sem_test.sql:XXXX:1: error: in create_trigger_stmt : CREATE TRIGGER trigger3
  INSTEAD OF UPDATE ON ViewShape
BEGIN
SELECT 1;
END
The above must be identical.
test/sem_test.sql:XXXX:1: error: in str : CQL0136: trigger already exists 'trigger3'
test/sem_test.sql:XXXX:1: error: in str : CQL0172: name list has duplicate name 'a'
test/sem_test.sql:XXXX:1: error: in str : CQL0138: a trigger on a view must be the INSTEAD OF form 'ViewShape'
test/sem_test.sql:XXXX:1: error: in str : CQL0137: table/view not found 'no_such_table_dude'
test/sem_test.sql:XXXX:1: error: in dot : CQL0069: name not found 'old.id'
test/sem_test.sql:XXXX:1: error: in str : CQL0113: trigger in drop statement was not declared 'this_trigger_does_not_exist'
test/sem_test.sql:XXXX:1: error: in create_table_stmt : CQL0107: delete version can't be <= create version 'retro_deleted_table'
test/sem_test.sql:XXXX:1: error: in raise : CQL0092: RAISE may only be used in a trigger statement
test/sem_test.sql:XXXX:1: error: in num : CQL0093: RAISE 2nd argument must be a string
test/sem_test.sql:XXXX:1: error: in str : CQL0047: string operand not allowed in 'NOT'
test/sem_test.sql:XXXX:1: error: in create_trigger_stmt : CQL0321: migration proc not allowed on object 'trigger8'
test/sem_test.sql:XXXX:1: error: in select_core : CQL0057: if multiple selects, all must have the same column count
test/sem_test.sql:XXXX:1: error: in select_core : CQL0012: incompatible types in expression 'A'
test/sem_test.sql:XXXX:1: error: in select_stmt : CQL0056: NULL expression has no type to imply the type of the select result 'n'
test/sem_test.sql:XXXX:1: error: in str : CQL0056: NULL expression has no type to imply the type of the select result 'n'
test/sem_test.sql:XXXX:1: error: in num : CQL0077: encountered arg known to be not null before the end of the list, rendering the rest useless. '7'
test/sem_test.sql:XXXX:1: error: in str : CQL0014: cannot assign/copy sensitive expression to non-sensitive target 'name'
test/sem_test.sql:XXXX:1: error: in add : CQL0398: compound select cannot be ordered by the result of an expression
test/sem_test.sql:XXXX:1: error: in str : CQL0069: name not found 'a_key_'
test/sem_test.sql:XXXX:1: error: in dot : CQL0069: name not found 'b.a_key_'
test/sem_test.sql:XXXX:1: error: in str : CQL0014: cannot assign/copy sensitive expression to non-sensitive target 'X'
test/sem_test.sql:XXXX:1: error: in str : CQL0014: cannot assign/copy sensitive expression to non-sensitive target 'id'
test/sem_test.sql:XXXX:1: error: in str : CQL0014: cannot assign/copy sensitive expression to non-sensitive target 'X'
test/sem_test.sql:XXXX:1: error: in str : CQL0013: cannot assign/copy possibly null expression to not null target 'int_nn'
test/sem_test.sql:XXXX:1: error: in str : CQL0210: proc out parameter: arg must be an exact type match (even nullability) (expected integer notnull; found integer) 'X'
test/sem_test.sql:XXXX:1: error: in call : CQL0014: cannot assign/copy sensitive expression to non-sensitive target 'id'
test/sem_test.sql:XXXX:1: error: in call : CQL0014: cannot assign/copy sensitive expression to non-sensitive target 'id'
test/sem_test.sql:XXXX:1: error: in call : CQL0014: cannot assign/copy sensitive expression to non-sensitive target 'non_sens_text'
test/sem_test.sql:XXXX:1: error: in str : CQL0014: cannot assign/copy sensitive expression to non-sensitive target 't'
test/sem_test.sql:XXXX:1: error: in select_core : CQL0012: incompatible types in expression '_anon'
test/sem_test.sql:XXXX:1: error: in str : CQL0151: table in delete statement does not exist 'not_valid_table'
test/sem_test.sql:XXXX:1: error: in select_core : CQL0012: incompatible types in expression '_anon'
test/sem_test.sql:XXXX:1: error: in str : CQL0154: table in update statement does not exist 'not_valid_table'
test/sem_test.sql:XXXX:1: error: in str : CQL0186: duplicate stored proc name 'decl1'
Incompatible declarations found
test/sem_test.sql:XXXX:1: error: in declare_proc_stmt : DECLARE PROC decl2 (id INTEGER) USING TRANSACTION
test/sem_test.sql:XXXX:1: error: in create_proc_stmt : DECLARE PROC decl2 (id INTEGER)
The above must be identical.
test/sem_test.sql:XXXX:1: error: in create_proc_stmt : CQL0189: procedure declarations/definitions do not match 'decl2'
test/sem_test.sql:XXXX:1: error: in str : CQL0276: autotest attribute 'dummy_test' has invalid value type in 'id'
test/sem_test.sql:XXXX:1: error: in num : CQL0276: autotest attribute 'dummy_test' has invalid value type in 'id'
test/sem_test.sql:XXXX:1: error: in str : CQL0276: autotest attribute 'dummy_test' has invalid value type in 'id'
test/sem_test.sql:XXXX:1: error: in num : CQL0276: autotest attribute 'dummy_test' has invalid value type in 'id'
test/sem_test.sql:XXXX:1: error: in str : CQL0273: autotest attribute has incorrect format (column name should be nested) in 'dummy_test'
test/sem_test.sql:XXXX:1: error: in str : CQL0273: autotest attribute has incorrect format (too many column values) in 'dummy_test'
test/sem_test.sql:XXXX:1: error: in str : CQL0273: autotest attribute has incorrect format (mismatch number of column and values) in 'dummy_test'
test/sem_test.sql:XXXX:1: error: in str : CQL0273: autotest attribute has incorrect format (column value should be nested) in 'dummy_test'
test/sem_test.sql:XXXX:1: error: in misc_attr_value_list : CQL0273: autotest attribute has incorrect format (table name should be nested) in 'dummy_test'
test/sem_test.sql:XXXX:1: error: in str : CQL0273: autotest attribute has incorrect format (column name should be nested) in 'dummy_test'
test/sem_test.sql:XXXX:1: error: in str : CQL0273: autotest attribute has incorrect format (column value should be nested) in 'dummy_test'
test/sem_test.sql:XXXX:1: error: in str : CQL0275: autotest attribute 'dummy_test' has non existent column 'bogus_col'
test/sem_test.sql:XXXX:1: error: in str : CQL0274: autotest attribute 'dummy_test' has non existent table 'bogus_table'
test/sem_test.sql:XXXX:1: error: in str : CQL0278: autotest attribute name is not valid 'dummy_bogus'
test/sem_test.sql:XXXX:1: error: in str : CQL0277: autotest has incorrect format 'found nested attributes that don't start with dummy_test'
test/sem_test.sql:XXXX:1: error: in str : CQL0277: autotest has incorrect format 'found nested attributes that don't start with dummy_test'
test/sem_test.sql:XXXX:1: error: in str : CQL0278: autotest attribute name is not valid 'bar'
test/sem_test.sql:XXXX:1: error: in misc_attr_value_list : CQL0277: autotest has incorrect format 'found nested attributes that don't start with dummy_test'
test/sem_test.sql:XXXX:1: error: in misc_attr_value_list : CQL0273: autotest attribute has incorrect format (table name should be nested) in 'dummy_test'
test/sem_test.sql:XXXX:1: error: in str : CQL0277: autotest has incorrect format 'no test types specified'
test/sem_test.sql:XXXX:1: error: in misc_attr_value_list : CQL0181: autodrop temp table does not exist 'not_an_object'
test/sem_test.sql:XXXX:1: error: in misc_attr_value_list : CQL0182: autodrop target is not a table 'ViewShape'
test/sem_test.sql:XXXX:1: error: in misc_attr_value_list : CQL0183: autodrop target must be a temporary table 'not_a_temp_table'
test/sem_test.sql:XXXX:1: error: in misc_attrs : CQL0234: autodrop annotation can only go on a procedure that returns a result set 'autodrop_not_really_a_result_set_proc'
test/sem_test.sql:XXXX:1: error: in misc_attrs : CQL0236: autodrop annotation can only go on a procedure that uses the database 'autodrop_no_db'
test/sem_test.sql:XXXX:1: error: in name_list : CQL0272: columns referenced in the foreign key statement should match exactly a unique key in the parent table 'referenceable'
test/sem_test.sql:XXXX:1: error: in name_list : CQL0272: columns referenced in the foreign key statement should match exactly a unique key in the parent table 'referenceable'
test/sem_test.sql:XXXX:1: error: in name_list : CQL0272: columns referenced in the foreign key statement should match exactly a unique key in the parent table 'referenceable'
test/sem_test.sql:XXXX:1: error: in name_list : CQL0272: columns referenced in the foreign key statement should match exactly a unique key in the parent table 'referenceable'
test/sem_test.sql:XXXX:1: error: in name_list : CQL0272: columns referenced in the foreign key statement should match exactly a unique key in the parent table 'referenceable'
test/sem_test.sql:XXXX:1: error: in name_list : CQL0272: columns referenced in the foreign key statement should match exactly a unique key in the parent table 'referenceable'
test/sem_test.sql:XXXX:1: error: in col_attrs_fk : CQL0237: strict FK validation requires that some ON UPDATE option be selected for every foreign key
test/sem_test.sql:XXXX:1: error: in col_attrs_fk : CQL0238: strict FK validation requires that some ON DELETE option be selected for every foreign key
test/sem_test.sql:XXXX:1: error: in fk_def : CQL0238: strict FK validation requires that some ON DELETE option be selected for every foreign key
test/sem_test.sql:XXXX:1: error: in fk_def : CQL0237: strict FK validation requires that some ON UPDATE option be selected for every foreign key
test/sem_test.sql:XXXX:1: error: in misc_attrs : CQL0239: procedure identity column does not exist in result set 'col3'
test/sem_test.sql:XXXX:1: error: in misc_attrs : CQL0240: identity annotation can only go on a procedure that returns a result set 'no_result_set_identity'
test/sem_test.sql:XXXX:1: error: in misc_attrs : CQL0256: fragment name conflicts with existing base fragment 'core'
test/sem_test.sql:XXXX:1: error: in select_stmt : CQL0251: fragment must end with exactly 'SELECT * FROM core_one'
test/sem_test.sql:XXXX:1: error: in select_stmt : CQL0251: fragment must end with exactly 'SELECT * FROM core_two'
test/sem_test.sql:XXXX:1: error: in str : CQL0253: base fragment must have only a single CTE named the same as the fragment 'bar'
test/sem_test.sql:XXXX:1: error: in cte_tables : CQL0253: base fragment must have only a single CTE named the same as the fragment 'err_assembly_name'
test/sem_test.sql:XXXX:1: error: in stmt_list : CQL0290: fragments can only have one statement in the statement list and it must be a WITH...SELECT
test/sem_test.sql:XXXX:1: error: in select_core_compound : CQL0333: all the compound operators in this CTE must be UNION ALL 'not_union_all'
test/sem_test.sql:XXXX:1: error: in select_core : CQL0332: all extension fragments that use UNION ALL must come before those that use LEFT OUTER JOIN 'out_of_order'
test/sem_test.sql:XXXX:1: error: in str : CQL0322: fragment parameters must be exactly '(id_ INTEGER NOT NULL)'
test/sem_test.sql:XXXX:1: error: in str : CQL0255: fragment name is not a previously declared base fragment 'wrong_core'
test/sem_test.sql:XXXX:1: error: in str : CQL0268: extension/assembly fragment must have the CTE named same as the base fragment 'core'
test/sem_test.sql:XXXX:1: error: in cte_tables : CQL0258: extension fragment must add exactly one CTE; found extra named 'plugin_wrong_three'
test/sem_test.sql:XXXX:1: error: in cte_tables : CQL0260: extension fragment CTE must be a simple left outer join from 'core'
test/sem_test.sql:XXXX:1: error: in cte_tables : CQL0260: extension fragment CTE must be a simple left outer join from 'core'
test/sem_test.sql:XXXX:1: error: in cte_tables : CQL0260: extension fragment CTE must be a simple left outer join from 'core'
test/sem_test.sql:XXXX:1: error: in cte_decl : CQL0268: extension/assembly fragment must use base CTE column list same as from the base fragment 'core'
test/sem_test.sql:XXXX:1: error: in select_from_etc : CQL0320: extension fragment CTE must have a FROM clause and no other top level clauses 'bogus_extra_clauses'
test/sem_test.sql:XXXX:1: error: in select_core : CQL0331: extension fragment CTE must have not have ORDER BY or LIMIT clauses 'bogus_extra_clauses2'
test/sem_test.sql:XXXX:1: error: in select_from_etc : CQL0320: extension fragment CTE must have a FROM clause and no other top level clauses 'bogus_extra_clauses'
test/sem_test.sql:XXXX:1: error: in cte_tables : CQL0259: extension fragment CTE must select T.* from base CTE 'core'
test/sem_test.sql:XXXX:1: error: in cte_tables : CQL0260: extension fragment CTE must be a simple left outer join from 'core'
test/sem_test.sql:XXXX:1: error: in select_stmt : CQL0251: fragment must end with exactly 'SELECT * FROM plugin_wrong_six'
test/sem_test.sql:XXXX:1: error: in select_stmt : CQL0251: fragment must end with exactly 'SELECT * FROM plugin_wrong_seven'
test/sem_test.sql:XXXX:1: error: in cte_tables : CQL0259: extension fragment CTE must select T.* from base CTE 'core'
test/sem_test.sql:XXXX:1: error: in cte_tables : CQL0259: extension fragment CTE must select T.* from base CTE 'core'
test/sem_test.sql:XXXX:1: error: in cte_table : CQL0266: extension fragment name conflicts with existing fragment 'plugin_wrong_nine'
test/sem_test.sql:XXXX:1: error: in stmt_list : CQL0290: fragments can only have one statement in the statement list and it must be a WITH...SELECT
test/sem_test.sql:XXXX:1: error: in select_expr_list : CQL0287: extension/assembly fragment must add stub for base CTE with same types from base fragment (expected longint; found integer) 'rate'
test/sem_test.sql:XXXX:1: error: in select_expr_list : CQL0288: extension/assembly fragment stub for base CTE column must be exact type match (including nullability) (expected longint; found longint notnull) 'rate'
test/sem_test.sql:XXXX:1: error: in select_core : CQL0058: if multiple selects, all column names must be identical so they have unambiguous names; error in column 4: 'name2' vs. 'name'
test/sem_test.sql:XXXX:1: error: in select_core : CQL0057: if multiple selects, all must have the same column count
test/sem_test.sql:XXXX:1: error: in select_core : CQL0330: fragment must start with exactly 'SELECT * FROM core'
test/sem_test.sql:XXXX:1: error: in stmt_list : CQL0290: fragments can only have one statement in the statement list and it must be a WITH...SELECT
test/sem_test.sql:XXXX:1: error: in stmt_list : CQL0290: fragments can only have one statement in the statement list and it must be a WITH...SELECT
test/sem_test.sql:XXXX:1: error: in stmt_list : CQL0290: fragments can only have one statement in the statement list and it must be a WITH...SELECT
test/sem_test.sql:XXXX:1: error: in str : CQL0264: duplicate assembly fragments of base fragment 'assembly_core'
test/sem_test.sql:XXXX:1: error: in cte_tables : CQL0265: assembly fragment can only have one CTE 'another_core'
test/sem_test.sql:XXXX:1: error: in str : CQL0255: fragment name is not a previously declared base fragment 'wrong_core'
test/sem_test.sql:XXXX:1: error: in stmt_list : CQL0290: fragments can only have one statement in the statement list and it must be a WITH...SELECT
test/sem_test.sql:XXXX:1: error: in name_list : CQL0267: extension fragments of same base fragment share the same cte column 'a'
test/sem_test.sql:XXXX:1: error: in select_expr_list : CQL0288: extension/assembly fragment stub for base CTE column must be exact type match (including nullability) (expected longint; found longint notnull) 'rate'
test/sem_test.sql:XXXX:1: error: in select_expr_list : CQL0287: extension/assembly fragment must add stub for base CTE with same types from base fragment (expected text; found integer) 'name'
test/sem_test.sql:XXXX:1: error: in str : CQL0322: fragment parameters must be exactly '(idx_ INTEGER NOT NULL)'
test/sem_test.sql:XXXX:1: error: in declare_schema_region_stmt : CQL0245: schema region already defined 'root_region'
test/sem_test.sql:XXXX:1: error: in region_list : CQL0244: unknown schema region 'unknown_region'
test/sem_test.sql:XXXX:1: error: in region_spec : CQL0206: duplicate name in list 'root_region'
test/sem_test.sql:XXXX:1: error: in begin_schema_region_stmt : CQL0246: schema regions do not nest; end the current region before starting a new one
test/sem_test.sql:XXXX:1: error: in end_schema_region_stmt : CQL0247: you must begin a schema region before you can end one
test/sem_test.sql:XXXX:1: error: in str : CQL0244: unknown schema region 'what_is_this_region'
test/sem_test.sql:XXXX:1: error: in declare_schema_region_stmt : CQL0248: schema region directives may not appear inside of a procedure
test/sem_test.sql:XXXX:1: error: in begin_schema_region_stmt : CQL0248: schema region directives may not appear inside of a procedure
test/sem_test.sql:XXXX:1: error: in end_schema_region_stmt : CQL0248: schema region directives may not appear inside of a procedure
test/sem_test.sql:XXXX:1: error: in mod : CQL0001: operands must be an integer type, not real '%'
test/sem_test.sql:XXXX:1: error: in str : CQL0047: string operand not allowed in 'NOT'
test/sem_test.sql:XXXX:1: error: in str : CQL0113: trigger in drop statement was not declared (while in schema region 'dep_region', accessing an object that isn't in a region is invalid) 'trigger2'
test/sem_test.sql:XXXX:1: error: in str : CQL0110: view in drop statement does not exist (while in schema region 'dep_region', accessing an object that isn't in a region is invalid) 'MyView'
test/sem_test.sql:XXXX:1: error: in str : CQL0108: table in drop statement does not exist (while in schema region 'dep_region', accessing an object that isn't in a region is invalid) 'foo'
test/sem_test.sql:XXXX:1: error: in str : CQL0112: index in drop statement was not declared (while in schema region 'dep_region', accessing an object that isn't in a region is invalid) 'index_1'
test/sem_test.sql:XXXX:1: error: in table_or_subquery : CQL0095: table/view not defined (object is in schema region 'dep_region' not accessible from region 'dep2_region') 'a_table_in_dep_region'
test/sem_test.sql:XXXX:1: error: in table_or_subquery : CQL0095: table/view not defined (while in schema region 'dep2_region', accessing an object that isn't in a region is invalid) 'bar'
test/sem_test.sql:XXXX:1: error: in create_index_stmt : CQL0066: if a table is marked @recreate, its indices must be in its schema region 'invalid_wrong_group_index'
test/sem_test.sql:XXXX:1: error: in call : CQL0395: table valued functions may not be used in an expression context 'tvf'
test/sem_test.sql:XXXX:1: error: in str : CQL0047: string operand not allowed in 'NOT'
test/sem_test.sql:XXXX:1: error: in str : CQL0012: incompatible types in expression 'id'
test/sem_test.sql:XXXX:1: error: in str : CQL0249: function is not a table-valued-function 'SqlUserFunc'
test/sem_test.sql:XXXX:1: error: in str : CQL0250: table-valued function not declared 'ThisDoesNotExist'
test/sem_test.sql:XXXX:1: error: in str : CQL0047: string operand not allowed in 'NOT'
test/sem_test.sql:XXXX:1: error: in call : CQL0080: function may not appear in this context 'ptr'
test/sem_test.sql:XXXX:1: error: in str : CQL0079: function got incorrect number of arguments 'ptr'
test/sem_test.sql:XXXX:1: error: in str : CQL0059: a variable name might be ambiguous with a column name, this is an anti-pattern 'id'
test/sem_test.sql:XXXX:1: error: in str : CQL0059: a variable name might be ambiguous with a column name, this is an anti-pattern 'rowid'
test/sem_test.sql:XXXX:1: error: in call : CQL0257: argument must be a string or numeric in 'min'
test/sem_test.sql:XXXX:1: error: in call : CQL0012: incompatible types in expression 'min'
test/sem_test.sql:XXXX:1: error: in call : CQL0257: argument must be a string or numeric in 'min'
test/sem_test.sql:XXXX:1: error: in call : CQL0257: argument must be a string or numeric in 'min'
test/sem_test.sql:XXXX:1: error: in col_def : CQL0060: referenced table can be independently recreated so it cannot be used in a foreign key 'recreatable'
test/sem_test.sql:XXXX:1: error: in col_def : CQL0060: referenced table can be independently recreated so it cannot be used in a foreign key 'recreatable'
test/sem_test.sql:XXXX:1: error: in col_def : CQL0060: referenced table can be independently recreated so it cannot be used in a foreign key 'in_group_test'
test/sem_test.sql:XXXX:1: error: in col_def : CQL0060: referenced table can be independently recreated so it cannot be used in a foreign key 'in_group_test'
test/sem_test.sql:XXXX:1: error: in fk_def : CQL0021: foreign key refers to non-existent table 'table_not_found'
test/sem_test.sql:XXXX:1: error: in create_table_stmt : CQL0396: versioning attributes may not be used on DDL inside a procedure 'inv_1'
test/sem_test.sql:XXXX:1: error: in create_table_stmt : CQL0396: versioning attributes may not be used on DDL inside a procedure 'inv2'
test/sem_test.sql:XXXX:1: error: in create_table_stmt : CQL0396: versioning attributes may not be used on DDL inside a procedure 'inv3'
test/sem_test.sql:XXXX:1: error: in create_index_stmt : CQL0396: versioning attributes may not be used on DDL inside a procedure 'inv_4'
test/sem_test.sql:XXXX:1: error: in create_view_stmt : CQL0396: versioning attributes may not be used on DDL inside a procedure 'inv_5'
test/sem_test.sql:XXXX:1: error: in create_trigger_stmt : CQL0396: versioning attributes may not be used on DDL inside a procedure 'trigger2'
test/sem_test.sql:XXXX:1: error: in table_or_subquery_list : CQL0263: non-ANSI joins are forbidden if strict join mode is enabled
test/sem_test.sql:XXXX:1: error: in declare_cursor : CQL0270: use FETCH FROM for procedures that returns a cursor with OUT 'C'
test/sem_test.sql:XXXX:1: error: in opt_offset : CQL0271: OFFSET clause may only be used if LIMIT is also present
test/sem_test.sql:XXXX:1: error: in str : CQL0047: string operand not allowed in 'NOT'
test/sem_test.sql:XXXX:1: error: in str : CQL0047: string operand not allowed in 'NOT'
test/sem_test.sql:XXXX:1: error: in str : CQL0069: name not found 'bogus'
test/sem_test.sql:XXXX:1: error: in str : CQL0281: upsert statement does not include table name in the update statement 'foo'
test/sem_test.sql:XXXX:1: error: in insert_stmt : CQL0280: upsert statement requires a where clause if the insert clause uses select
test/sem_test.sql:XXXX:1: error: in insert_or_ignore : CQL0283: upsert syntax only supports INSERT INTO 'foo'
test/sem_test.sql:XXXX:1: error: in str : CQL0069: name not found 'bogus'
test/sem_test.sql:XXXX:1: error: in update_stmt : CQL0282: update statement require table name
test/sem_test.sql:XXXX:1: error: in indexed_columns : CQL0279: columns referenced in an UPSERT conflict target must exactly match a unique key the target table
test/sem_test.sql:XXXX:1: error: in upsert_stmt : CQL0289: upsert statement are forbidden if strict upsert statement mode is enabled
test/sem_test.sql:XXXX:1: error: in window_func_inv : CQL0312: window function invocation are forbidden if strict window function mode is enabled
test/sem_test.sql:XXXX:1: error: in call : CQL0080: function may not appear in this context 'max'
test/sem_test.sql:XXXX:1: error: in call : CQL0080: function may not appear in this context 'substr'
test/sem_test.sql:XXXX:1: error: in call : CQL0086: first argument must be a string in function 'substr'
test/sem_test.sql:XXXX:1: error: in str : CQL0083: argument must be numeric 'substr'
test/sem_test.sql:XXXX:1: error: in str : CQL0083: argument must be numeric 'substr'
test/sem_test.sql:XXXX:1: error: in str : CQL0079: function got incorrect number of arguments 'substr'
test/sem_test.sql:XXXX:1: error: in str : CQL0079: function got incorrect number of arguments 'substr'
test/sem_test.sql:XXXX:1: error: in str : CQL0079: function got incorrect number of arguments 'replace'
test/sem_test.sql:XXXX:1: error: in str : CQL0079: function got incorrect number of arguments 'replace'
test/sem_test.sql:XXXX:1: error: in call : CQL0080: function may not appear in this context 'replace'
test/sem_test.sql:XXXX:1: error: in call : CQL0085: all arguments must be strings 'replace'
test/sem_test.sql:XXXX:1: error: in call : CQL0085: all arguments must be strings 'replace'
test/sem_test.sql:XXXX:1: error: in call : CQL0085: all arguments must be strings 'replace'
test/sem_test.sql:XXXX:1: error: in call : CQL0085: all arguments must be strings 'replace'
test/sem_test.sql:XXXX:1: error: in call : CQL0085: all arguments must be strings 'replace'
test/sem_test.sql:XXXX:1: error: in call : CQL0085: all arguments must be strings 'replace'
Incompatible declarations found
test/sem_test.sql:XXXX:1: error: in declare_proc_stmt : DECLARE PROC MyAdHocMigration () USING TRANSACTION
test/sem_test.sql:XXXX:1: error: in declare_proc_stmt : DECLARE PROC MyAdHocMigration (x INTEGER)
The above must be identical.
test/sem_test.sql:XXXX:1: error: in declare_proc_stmt : CQL0196: procedure declarations/definitions do not match 'MyAdHocMigration'
Incompatible declarations found
test/sem_test.sql:XXXX:1: error: in declare_proc_stmt : DECLARE PROC InvalidAdHocMigration (y INTEGER)
test/sem_test.sql:XXXX:1: error: in declare_proc_stmt : DECLARE PROC InvalidAdHocMigration () USING TRANSACTION
The above must be identical.
test/sem_test.sql:XXXX:1: error: in declare_proc_stmt : CQL0196: procedure declarations/definitions do not match 'InvalidAdHocMigration'
Incompatible declarations found
test/sem_test.sql:XXXX:1: error: in create_proc_stmt : DECLARE PROC foo ()
test/sem_test.sql:XXXX:1: error: in declare_proc_stmt : DECLARE PROC foo () USING TRANSACTION
The above must be identical.
test/sem_test.sql:XXXX:1: error: in declare_proc_stmt : CQL0196: procedure declarations/definitions do not match 'foo'
test/sem_test.sql:XXXX:1: error: in schema_ad_hoc_migration_stmt : CQL0176: indicated procedure or group already has a recreate action 'group_foo'
test/sem_test.sql:XXXX:1: error: in schema_ad_hoc_migration_stmt : CQL0338: the name of a migration procedure may not end in '_crc' 'not_allowed_crc'
test/sem_test.sql:XXXX:1: error: in str : CQL0027: a procedure can appear in only one annotation 'MyAdHocMigration'
test/sem_test.sql:XXXX:1: error: in schema_ad_hoc_migration_stmt : CQL0284: ad hoc schema migration directive must provide a procedure to run
test/sem_test.sql:XXXX:1: error: in insert_normal : CQL0316: upsert-clause is not compatible with DEFAULT VALUES 'foo'
test/sem_test.sql:XXXX:1: error: in declare_deployable_region_stmt : CQL0245: schema region already defined 'root_deployable_region'
test/sem_test.sql:XXXX:1: error: in declare_schema_region_stmt : CQL0291: region links into the middle of a deployable region; you must point to the root of 'uses_leaf_3' not into the middle: 'pending_leaf_user'
test/sem_test.sql:XXXX:1: error: in declare_schema_region_stmt : CQL0291: region links into the middle of a deployable region; you must point to the root of 'depl1' not into the middle: 'error_region'
test/sem_test.sql:XXXX:1: error: in col_def : CQL0021: foreign key refers to non-existent table (object is in schema region 'private_region' not accessible from region 'client_region') 'private_region_table'
test/sem_test.sql:XXXX:1: error: in explain_stmt : CQL0293: only [EXPLAIN QUERY PLAN ...] statement is supported
test/sem_test.sql:XXXX:1: error: in str : CQL0069: name not found 'bogus'
test/sem_test.sql:XXXX:1: error: in call : CQL0080: function may not appear in this context 'row_number'
test/sem_test.sql:XXXX:1: error: in window_func_inv : CQL0294: window function invocations can only appear in the select list of a select statement
test/sem_test.sql:XXXX:1: error: in str : CQL0079: function got incorrect number of arguments 'row_number'
test/sem_test.sql:XXXX:1: error: in str : CQL0295: window name is not defined 'bogus'
test/sem_test.sql:XXXX:1: error: in str : CQL0069: name not found 'bogus'
test/sem_test.sql:XXXX:1: error: in str : CQL0296: window name definition is not used 'win'
test/sem_test.sql:XXXX:1: error: in str : CQL0069: name not found 'alias'
test/sem_test.sql:XXXX:1: error: in call : CQL0080: function may not appear in this context 'row_number'
test/sem_test.sql:XXXX:1: error: in call : CQL0306: FILTER clause may only be used in function that are aggregated or user defined 'row_number'
test/sem_test.sql:XXXX:1: error: in call : CQL0080: function may not appear in this context 'row_number'
test/sem_test.sql:XXXX:1: error: in call : CQL0305: DISTINCT may only be used in function that are aggregated or user defined 'row_number'
test/sem_test.sql:XXXX:1: error: in str : CQL0069: name not found 'bogus'
test/sem_test.sql:XXXX:1: error: in str : CQL0069: name not found 'bogus'
test/sem_test.sql:XXXX:1: error: in call : CQL0300: argument must be an integer (between 1 and max integer) in function 'ntile'
test/sem_test.sql:XXXX:1: error: in call : CQL0300: argument must be an integer (between 1 and max integer) in function 'ntile'
test/sem_test.sql:XXXX:1: error: in str : CQL0079: function got incorrect number of arguments 'ntile'
test/sem_test.sql:XXXX:1: error: in call : CQL0080: function may not appear in this context 'ntile'
test/sem_test.sql:XXXX:1: error: in str : CQL0070: expressions of different kinds can't be mixed: 'dollars' vs. 'some_key'
test/sem_test.sql:XXXX:1: error: in call : CQL0302: first and third arguments must be compatible in function 'lag'
test/sem_test.sql:XXXX:1: error: in call : CQL0301: second argument must be an integer (between 0 and max integer) in function 'lag'
test/sem_test.sql:XXXX:1: error: in call : CQL0301: second argument must be an integer (between 0 and max integer) in function 'lag'
test/sem_test.sql:XXXX:1: error: in str : CQL0008: right operand cannot be a string in '|'
test/sem_test.sql:XXXX:1: error: in num : CQL0242: lossy conversion from type 'REAL' in 0.7
test/sem_test.sql:XXXX:1: error: in call : CQL0302: first and third arguments must be compatible in function 'lag'
test/sem_test.sql:XXXX:1: error: in str : CQL0079: function got incorrect number of arguments 'lag'
test/sem_test.sql:XXXX:1: error: in call : CQL0080: function may not appear in this context 'first_value'
test/sem_test.sql:XXXX:1: error: in call : CQL0080: function may not appear in this context 'nth_value'
test/sem_test.sql:XXXX:1: error: in str : CQL0079: function got incorrect number of arguments 'nth_value'
test/sem_test.sql:XXXX:1: error: in call : CQL0303: second argument must be an integer between 1 and max integer in function 'nth_value'
test/sem_test.sql:XXXX:1: error: in from_shape : CQL0297: FROM [shape] is redundant if column list is empty
test/sem_test.sql:XXXX:1: error: in str : CQL0298: cannot read from a cursor without fields 'fetch_cursor'
test/sem_test.sql:XXXX:1: error: in columns_values : CQL0299: [shape] has too few fields 'small_cursor'
test/sem_test.sql:XXXX:1: error: in str : CQL0205: not a cursor 'X'
test/sem_test.sql:XXXX:1: error: in str : CQL0012: incompatible types in expression 'x'
test/sem_test.sql:XXXX:1: error: in update_cursor_stmt : CQL0157: count of columns differs from count of values
test/sem_test.sql:XXXX:1: error: in str : CQL0171: name not found 'w'
test/sem_test.sql:XXXX:1: error: in str : CQL0067: cursor was not used with 'fetch [cursor]' 'my_cursor'
test/sem_test.sql:XXXX:1: error: in like : CQL0202: must be a cursor, proc, table, or view 'not_a_symbol'
test/sem_test.sql:XXXX:1: error: in str : CQL0205: not a cursor 'X'
test/sem_test.sql:XXXX:1: error: in select_core : CQL0055: all columns in the select must have a name
test/sem_test.sql:XXXX:1: error: in fetch_values_stmt : CQL0167: required column missing in FETCH statement 'c1'
test/sem_test.sql:XXXX:1: error: in str : CQL0069: name not found 'not_a_symbol'
test/sem_test.sql:XXXX:1: error: in str : CQL0069: name not found 'not_a_symbol'
test/sem_test.sql:XXXX:1: error: in like : CQL0202: must be a cursor, proc, table, or view 'not_a_symbol'
test/sem_test.sql:XXXX:1: error: in like : CQL0202: must be a cursor, proc, table, or view 'not_a_symbol'
test/sem_test.sql:XXXX:1: error: in like : CQL0202: must be a cursor, proc, table, or view 'not_a_symbol'
Incompatible declarations found
test/sem_test.sql:XXXX:1: error: in declare_proc_stmt : DECLARE PROC incompatible_result_proc () (t TEXT)
test/sem_test.sql:XXXX:1: error: in create_proc_stmt : DECLARE PROC incompatible_result_proc () (t INTEGER NOT NULL)
The above must be identical.
test/sem_test.sql:XXXX:1: error: in create_proc_stmt : CQL0189: procedure declarations/definitions do not match 'incompatible_result_proc'
test/sem_test.sql:XXXX:1: error: in collate : CQL0241: COLLATE may only appear in the context of a SQL statement
test/sem_test.sql:XXXX:1: error: in str : CQL0047: string operand not allowed in 'NOT'
test/sem_test.sql:XXXX:1: error: in blb : CQL0313: blob literals may only appear in the context of a SQL statement
test/sem_test.sql:XXXX:1: error: in str : CQL0079: function got incorrect number of arguments 'nullif'
test/sem_test.sql:XXXX:1: error: in str : CQL0070: expressions of different kinds can't be mixed: 'dollars' vs. 'euros'
test/sem_test.sql:XXXX:1: error: in str : CQL0009: incompatible types in expression 'NULLIF'
test/sem_test.sql:XXXX:1: error: in call : CQL0080: function may not appear in this context 'nullif'
test/sem_test.sql:XXXX:1: error: in str : CQL0314: select function does not require a declaration, it is a CQL built-in 'nullif'
test/sem_test.sql:XXXX:1: error: in str : CQL0086: first argument must be a string in function 'upper'
test/sem_test.sql:XXXX:1: error: in str : CQL0079: function got incorrect number of arguments 'upper'
test/sem_test.sql:XXXX:1: error: in call : CQL0080: function may not appear in this context 'upper'
test/sem_test.sql:XXXX:1: error: in call : CQL0317: char function arguments must be integer 'char'
test/sem_test.sql:XXXX:1: error: in str : CQL0079: function got incorrect number of arguments 'char'
test/sem_test.sql:XXXX:1: error: in call : CQL0080: function may not appear in this context 'char'
test/sem_test.sql:XXXX:1: error: in str : CQL0079: function got incorrect number of arguments 'abs'
test/sem_test.sql:XXXX:1: error: in str : CQL0082: argument must be numeric 'abs'
test/sem_test.sql:XXXX:1: error: in call : CQL0080: function may not appear in this context 'instr'
test/sem_test.sql:XXXX:1: error: in str : CQL0079: function got incorrect number of arguments 'instr'
test/sem_test.sql:XXXX:1: error: in call : CQL0085: all arguments must be strings 'instr'
test/sem_test.sql:XXXX:1: error: in misc_attrs : CQL0318: more than one fragment annotation on procedure 'dup_base'
test/sem_test.sql:XXXX:1: error: in misc_attrs : CQL0318: more than one fragment annotation on procedure 'mixed_frag_types1'
test/sem_test.sql:XXXX:1: error: in misc_attrs : CQL0318: more than one fragment annotation on procedure 'mixed_frag_types2'
test/sem_test.sql:XXXX:1: error: in misc_attrs : CQL0318: more than one fragment annotation on procedure 'mixed_frag_types3'
test/sem_test.sql:XXXX:1: error: in create_proc_stmt : CQL0319: name of the assembly procedure must match the name of the base fragment 'wrong_assembly_frag_name'
test/sem_test.sql:XXXX:1: error: in select_stmt : CQL0251: fragment must end with exactly 'SELECT * FROM core'
test/sem_test.sql:XXXX:1: error: in select_stmt : CQL0251: fragment must end with exactly 'SELECT * FROM core'
test/sem_test.sql:XXXX:1: error: in select_stmt : CQL0251: fragment must end with exactly 'SELECT * FROM core'
test/sem_test.sql:XXXX:1: error: in select_stmt : CQL0251: fragment must end with exactly 'SELECT * FROM core'
test/sem_test.sql:XXXX:1: error: in fk_def : CQL0021: foreign key refers to non-existent table 'this_table_does_not_exist'
test/sem_test.sql:XXXX:1: error: in call_stmt : CQL0323: calls to undeclared procedures are forbidden; declaration missing or typo 'some_external_thing'
test/sem_test.sql:XXXX:1: error: in str : CQL0405: procedure of an unknown type used in an expression 'some_external_thing'
test/sem_test.sql:XXXX:1: error: in like : CQL0202: must be a cursor, proc, table, or view 'invalid_type_name'
test/sem_test.sql:XXXX:1: error: in dot : CQL0068: field not found in shape 'xyzzy'
test/sem_test.sql:XXXX:1: error: in fk_def : CQL0324: referenced table was created in a later version so it cannot be used in a foreign key 'from_the_future'
test/sem_test.sql:XXXX:1: error: in str : CQL0171: name not found 'idx'
test/sem_test.sql:XXXX:1: error: in str : CQL0171: name not found 'idx'
test/sem_test.sql:XXXX:1: error: in name_list : CQL0272: columns referenced in the foreign key statement should match exactly a unique key in the parent table 'self_ref5'
test/sem_test.sql:XXXX:1: error: in name_list : CQL0272: columns referenced in the foreign key statement should match exactly a unique key in the parent table 'self_ref2'
test/sem_test.sql:XXXX:1: error: in num : CQL0325: ok_table_scan attribute must be a name
test/sem_test.sql:XXXX:1: error: in misc_attrs : CQL0326: the table name in ok_table_scan does not exist 'bogus'
test/sem_test.sql:XXXX:1: error: in num : CQL0325: ok_table_scan attribute must be a name
test/sem_test.sql:XXXX:1: error: in misc_attrs : CQL0329: ok_table_scan attribute can only be used in a create procedure statement
test/sem_test.sql:XXXX:1: error: in misc_attrs : CQL0328: no_table_scan attribute may only be added to a create table statement
test/sem_test.sql:XXXX:1: error: in num : CQL0327: a value should not be assigned to no_table_scan attribute
test/sem_test.sql:XXXX:1: error: in num : CQL0337: the number of columns values for each row should be identical in VALUES clause
test/sem_test.sql:XXXX:1: error: in num : CQL0009: incompatible types in expression 'VALUES clause'
test/sem_test.sql:XXXX:1: error: in select_stmt : CQL0334: @dummy_seed @dummy_nullables @dummy_defaults many only be used with a single VALUES row
test/sem_test.sql:XXXX:1: error: in with_select_stmt : CQL0334: @dummy_seed @dummy_nullables @dummy_defaults many only be used with a single VALUES row
test/sem_test.sql:XXXX:1: error: in select_stmt : CQL0334: @dummy_seed @dummy_nullables @dummy_defaults many only be used with a single VALUES row
test/sem_test.sql:XXXX:1: error: in select_stmt : CQL0334: @dummy_seed @dummy_nullables @dummy_defaults many only be used with a single VALUES row
test/sem_test.sql:XXXX:1: error: in str : CQL0069: name not found 'bogus'
test/sem_test.sql:XXXX:1: error: in str : CQL0012: incompatible types in expression 'id'
test/sem_test.sql:XXXX:1: error: in str : CQL0069: name not found 'l'
test/sem_test.sql:XXXX:1: error: in select_stmt : CQL0334: @dummy_seed @dummy_nullables @dummy_defaults many only be used with a single VALUES row
test/sem_test.sql:XXXX:1: error: in num : CQL0337: the number of columns values for each row should be identical in VALUES clause
test/sem_test.sql:XXXX:1: error: in str : CQL0069: name not found 'bogus'
test/sem_test.sql:XXXX:1: error: in create_table_stmt : CQL0339: WITHOUT ROWID tables are forbidden if strict without rowid mode is enabled 'table_with_invalid_without_rowid_mode'
test/sem_test.sql:XXXX:1: error: in str : CQL0069: name not found 'not_a_cursor'
test/sem_test.sql:XXXX:1: error: in dot : CQL0067: cursor was not used with 'fetch [cursor]' 'C'
test/sem_test.sql:XXXX:1: error: in like : CQL0202: must be a cursor, proc, table, or view 'not_a_real_shape'
test/sem_test.sql:XXXX:1: error: in str : CQL0340: FROM ARGUMENTS used in a procedure with no arguments 'arg_rewrite_no_args'
test/sem_test.sql:XXXX:1: error: in str : CQL0163: FROM ARGUMENTS construct is only valid inside a procedure
test/sem_test.sql:XXXX:1: error: in dot : CQL0201: expanding FROM ARGUMENTS, there is no argument matching 'id'
test/sem_test.sql:XXXX:1: error: in like : CQL0202: must be a cursor, proc, table, or view 'no_such_type_dude'
test/sem_test.sql:XXXX:1: error: in like : CQL0202: must be a cursor, proc, table, or view 'not_a_shape'
test/sem_test.sql:XXXX:1: error: in str : CQL0252: @PROC literal can only appear inside of procedures
test/sem_test.sql:XXXX:1: error: in str : CQL0252: @PROC literal can only appear inside of procedures
test/sem_test.sql:XXXX:1: error: in str : CQL0252: @PROC literal can only appear inside of procedures
test/sem_test.sql:XXXX:1: error: in str : CQL0252: @PROC literal can only appear inside of procedures
test/sem_test.sql:XXXX:1: error: in num : CQL0341: argument must be a variable in function 'cql_cursor_diff_col'
test/sem_test.sql:XXXX:1: error: in str : CQL0205: not a cursor 'an_int'
test/sem_test.sql:XXXX:1: error: in str : CQL0079: function got incorrect number of arguments 'cql_cursor_diff_col'
test/sem_test.sql:XXXX:1: error: in str : CQL0079: function got incorrect number of arguments 'cql_cursor_diff_val'
test/sem_test.sql:XXXX:1: error: in str : CQL0067: cursor was not used with 'fetch [cursor]' 'c1'
test/sem_test.sql:XXXX:1: error: in str : CQL0061: in cql_cursor_diff_col, all columns must be an exact type match (expected integer notnull; found text notnull) 'x'
test/sem_test.sql:XXXX:1: error: in call : CQL0342: cursor arguments must have identical column count 'cql_cursor_diff_col'
test/sem_test.sql:XXXX:1: error: in str : CQL0058: in cql_cursor_diff_col, all column names must be identical so they have unambiguous names; error in column 1: 'x' vs. 'z'
test/sem_test.sql:XXXX:1: error: in str : CQL0079: function got incorrect number of arguments 'trim'
test/sem_test.sql:XXXX:1: error: in str : CQL0079: function got incorrect number of arguments 'trim'
test/sem_test.sql:XXXX:1: error: in call : CQL0085: all arguments must be strings 'trim'
test/sem_test.sql:XXXX:1: error: in call : CQL0085: all arguments must be strings 'trim'
test/sem_test.sql:XXXX:1: error: in call : CQL0080: function may not appear in this context 'trim'
test/sem_test.sql:XXXX:1: error: in call : CQL0080: function may not appear in this context 'cql_cursor_format'
test/sem_test.sql:XXXX:1: error: in str : CQL0067: cursor was not used with 'fetch [cursor]' 'c'
test/sem_test.sql:XXXX:1: error: in num : CQL0341: argument must be a variable in function 'cql_cursor_format'
test/sem_test.sql:XXXX:1: error: in str : CQL0079: function got incorrect number of arguments 'cql_cursor_format'
test/sem_test.sql:XXXX:1: error: in num : CQL0242: lossy conversion from type 'LONG_INT' in 1L
test/sem_test.sql:XXXX:1: error: in num : CQL0242: lossy conversion from type 'REAL' in 1.0
test/sem_test.sql:XXXX:1: error: in num : CQL0242: lossy conversion from type 'REAL' in 1.0
test/sem_test.sql:XXXX:1: error: in str : CQL0079: function got incorrect number of arguments 'length'
test/sem_test.sql:XXXX:1: error: in call : CQL0085: all arguments must be strings 'length'
test/sem_test.sql:XXXX:1: error: in call : CQL0080: function may not appear in this context 'length'
test/sem_test.sql:XXXX:1: error: in str : CQL0346: variable must be of type object<T cursor> where T is a valid shape name 'box'
test/sem_test.sql:XXXX:1: error: in str : CQL0343: variable must be of type object<T cursor> where T is a valid shape name 'box'
test/sem_test.sql:XXXX:1: error: in like : CQL0202: must be a cursor, proc, table, or view 'not_a_type'
test/sem_test.sql:XXXX:1: error: in declare_cursor : CQL0197: duplicate variable name in the same scope 'C'
test/sem_test.sql:XXXX:1: error: in str : CQL0069: name not found 'box'
test/sem_test.sql:XXXX:1: error: in str : CQL0261: cursor did not originate from a SQLite statement, it only has values 'C'
test/sem_test.sql:XXXX:1: error: in like : CQL0202: must be a cursor, proc, table, or view 'barf'
test/sem_test.sql:XXXX:1: error: in str : CQL0057: in the cursor and the variable type, all must have the same column count
test/sem_test.sql:XXXX:1: error: in str : CQL0069: name not found 'XYZZY'
test/sem_test.sql:XXXX:1: error: in set_from_cursor : CQL0173: variable not found 'box'
test/sem_test.sql:XXXX:1: error: in str : CQL0079: function got incorrect number of arguments 'cql_get_blob_size'
test/sem_test.sql:XXXX:1: error: in call : CQL0345: argument must be of type blob 'cql_get_blob_size'
test/sem_test.sql:XXXX:1: error: in call : CQL0080: function may not appear in this context 'cql_get_blob_size'
test/sem_test.sql:XXXX:1: error: in like : CQL0069: name not found 'some_proc3'
test/sem_test.sql:XXXX:1: error: in like : CQL0262: LIKE ... ARGUMENTS used on a procedure with no arguments 'proc1'
test/sem_test.sql:XXXX:1: error: in str : CQL0347: select function may not return type OBJECT 'returns_object_is_bogus'
test/sem_test.sql:XXXX:1: error: in str : CQL0069: name not found 'hip'
test/sem_test.sql:XXXX:1: error: in str : CQL0348: collate applied to a non-text column 'i'
test/sem_test.sql:XXXX:1: error: in col_def : CQL0349: column definitions may not come after constraints 'id'
test/sem_test.sql:XXXX:1: error: in str : CQL0186: duplicate stored proc name 'test_insert_using'
test/sem_test.sql:XXXX:1: error: in str : CQL0079: function got incorrect number of arguments 'iif'
test/sem_test.sql:XXXX:1: error: in str : CQL0069: name not found 'not_found'
test/sem_test.sql:XXXX:1: error: in str : CQL0069: name not found 'not_found'
test/sem_test.sql:XXXX:1: error: in str : CQL0069: name not found 'not_found'
test/sem_test.sql:XXXX:1: error: in str : CQL0012: incompatible types in expression 'iif'
test/sem_test.sql:XXXX:1: error: in blb : CQL0012: incompatible types in expression 'iif'
test/sem_test.sql:XXXX:1: error: in str : CQL0047: string operand not allowed in 'NOT'
test/sem_test.sql:XXXX:1: error: in proc_savepoint_stmt : CQL0351: statement should be in a procedure and at the top level
test/sem_test.sql:XXXX:1: error: in proc_savepoint_stmt : CQL0351: statement should be in a procedure and at the top level
test/sem_test.sql:XXXX:1: error: in rollback_return_stmt : CQL0350: statement must appear inside of a PROC SAVEPOINT block
test/sem_test.sql:XXXX:1: error: in commit_return_stmt : CQL0350: statement must appear inside of a PROC SAVEPOINT block
test/sem_test.sql:XXXX:1: error: in return_stmt : CQL0352: use COMMIT RETURN or ROLLBACK RETURN in within a proc savepoint block
test/sem_test.sql:XXXX:1: error: in dot : CQL0070: expressions of different kinds can't be mixed: 'real_things' vs. 'integer_things'
test/sem_test.sql:XXXX:1: error: in dot : CQL0357: enum does not contain 'nope'
Incompatible declarations found
test/sem_test.sql:XXXX:1: error: in declare_enum_stmt : DECLARE ENUM long_things INTEGER (
  foo
)
test/sem_test.sql:XXXX:1: error: in declare_enum_stmt : DECLARE ENUM long_things LONG_INT (
  pen,
  paper = -7,
  pencil
)
The above must be identical.
test/sem_test.sql:XXXX:1: error: in declare_enum_stmt : CQL0356: enum definitions do not match 'long_things'
test/sem_test.sql:XXXX:1: error: in enum_value : CQL0354: duplicate enum member 'two'
test/sem_test.sql:XXXX:1: error: in enum_value : CQL0355: evaluation failed 'boo'
test/sem_test.sql:XXXX:1: error: in str : CQL0358: declared enums must be top level 'bogus_inside_proc'
test/sem_test.sql:XXXX:1: error: in call : CQL0080: function may not appear in this context 'sum'
test/sem_test.sql:XXXX:1: error: in call : CQL0080: function may not appear in this context 'sum'
test/sem_test.sql:XXXX:1: error: in call : CQL0080: function may not appear in this context 'sum'
test/sem_test.sql:XXXX:1: error: in call : CQL0080: function may not appear in this context 'sum'
test/sem_test.sql:XXXX:1: error: in dot : CQL0012: incompatible types in expression 'a'
test/sem_test.sql:XXXX:1: error: in dot : CQL0009: incompatible types in expression 'b'
test/sem_test.sql:XXXX:1: error: in dot : CQL0009: incompatible types in expression 'b'
test/sem_test.sql:XXXX:1: error: in str : CQL0142: duplicate column name 'id'
test/sem_test.sql:XXXX:1: error: in str : CQL0159: cannot add an index to a virtual table 'basic_virtual'
test/sem_test.sql:XXXX:1: error: in str : CQL0162: cannot add a trigger to a virtual table 'basic_virtual'
test/sem_test.sql:XXXX:1: error: in str : CQL0164: cannot use ALTER TABLE on a virtual table 'basic_virtual'
test/sem_test.sql:XXXX:1: error: in version_annotation : CQL0392: when deleting a virtual table you must specify @delete(nn, cql:module_must_not_be_deleted_see_docs_for_CQL0392) as a reminder not to delete the module for this virtual table 'deleting_virtual'
test/sem_test.sql:XXXX:1: error: in dot : CQL0378: built-in migration procedure not valid in this context 'cql:module_must_not_be_deleted_see_docs_for_CQL0392'
test/sem_test.sql:XXXX:1: error: in str : CQL0169: enum not found 'bogus_enum_name'
test/sem_test.sql:XXXX:1: error: in call : CQL0080: function may not appear in this context 'random'
test/sem_test.sql:XXXX:1: error: in call : CQL0080: function may not appear in this context 'changes'
test/sem_test.sql:XXXX:1: error: in call : CQL0393: user function cannot appear in a constraint expression  'SqlUserFunc'
test/sem_test.sql:XXXX:1: error: in str : CQL0079: function got incorrect number of arguments 'random'
test/sem_test.sql:XXXX:1: error: in select_stmt : CQL0394: nested select expressions may not appear inside of a constraint expression
test/sem_test.sql:XXXX:1: error: in call : CQL0080: function may not appear in this context 'strftime'
test/sem_test.sql:XXXX:1: error: in call : CQL0080: function may not appear in this context 'date'
test/sem_test.sql:XXXX:1: error: in str : CQL0069: name not found 'q'
test/sem_test.sql:XXXX:1: error: in sensitive_attr : CQL0367: an attribute was specified twice '@sensitive'
test/sem_test.sql:XXXX:1: error: in sensitive_attr : CQL0367: an attribute was specified twice '@sensitive'
test/sem_test.sql:XXXX:1: error: in notnull : CQL0367: an attribute was specified twice 'not null'
test/sem_test.sql:XXXX:1: error: in str : CQL0360: unknown type 'bogus_type'
test/sem_test.sql:XXXX:1: error: in declare_named_type : CQL0359: duplicate type declaration 'my_type'
test/sem_test.sql:XXXX:1: error: in str : CQL0360: unknown type 'bogus_type'
test/sem_test.sql:XXXX:1: error: in col_def_type_attrs : CQL0360: unknown type 'bogus_type'
test/sem_test.sql:XXXX:1: error: in str : CQL0360: unknown type 'bogus_type'
test/sem_test.sql:XXXX:1: error: in str : CQL0360: unknown type 'bogus_type'
test/sem_test.sql:XXXX:1: error: in str : CQL0360: unknown type 'bogus_type'
test/sem_test.sql:XXXX:1: error: in create_data_type : CQL0361: return data type in a create function declaration can only be text, blob or object
test/sem_test.sql:XXXX:1: error: in create_data_type : CQL0361: return data type in a create function declaration can only be text, blob or object
test/sem_test.sql:XXXX:1: error: in create_data_type : CQL0361: return data type in a create function declaration can only be text, blob or object
test/sem_test.sql:XXXX:1: error: in create_data_type : CQL0360: unknown type 'bogus_type'
test/sem_test.sql:XXXX:1: error: in declare_enum_stmt : CQL0359: duplicate type declaration 'my_type'
test/sem_test.sql:XXXX:1: error: in str : CQL0070: expressions of different kinds can't be mixed: 'x_coord' vs. 'y_coord'
test/sem_test.sql:XXXX:1: error: in str : CQL0070: expressions of different kinds can't be mixed: 'x_coord' vs. 'y_coord'
test/sem_test.sql:XXXX:1: error: in str : CQL0070: expressions of different kinds can't be mixed: 'x_coord' vs. 'y_coord'
test/sem_test.sql:XXXX:1: error: in str : CQL0070: expressions of different kinds can't be mixed: 'x_coord' vs. 'y_coord'
test/sem_test.sql:XXXX:1: error: in str : CQL0070: expressions of different kinds can't be mixed: 'x_coord' vs. 'y_coord'
test/sem_test.sql:XXXX:1: error: in str : CQL0070: expressions of different kinds can't be mixed: 'x_coord' vs. 'y_coord'
test/sem_test.sql:XXXX:1: error: in str : CQL0070: expressions of different kinds can't be mixed: 'y_coord' vs. 'x_coord'
test/sem_test.sql:XXXX:1: error: in select_core : CQL0070: expressions of different kinds can't be mixed: 'y_coord' vs. 'x_coord'
test/sem_test.sql:XXXX:1: error: in str : CQL0070: expressions of different kinds can't be mixed: 'x_coord' vs. 'y_coord'
test/sem_test.sql:XXXX:1: error: in str : CQL0070: expressions of different kinds can't be mixed: 'y_coord' vs. 'x_coord'
test/sem_test.sql:XXXX:1: error: in str : CQL0070: expressions of different kinds can't be mixed: 'x_coord' vs. 'y_coord'
test/sem_test.sql:XXXX:1: error: in str : CQL0070: expressions of different kinds can't be mixed: 'x_coord' vs. 'y_coord'
test/sem_test.sql:XXXX:1: error: in str : CQL0070: expressions of different kinds can't be mixed: 'x_coord' vs. 'y_coord'
test/sem_test.sql:XXXX:1: error: in select_stmt : CQL0070: expressions of different kinds can't be mixed: 'x_coord' vs. 'y_coord'
test/sem_test.sql:XXXX:1: error: in str : CQL0070: expressions of different kinds can't be mixed: 'x_coord' vs. 'y_coord'
test/sem_test.sql:XXXX:1: error: in str : CQL0070: expressions of different kinds can't be mixed: 'x_coord' vs. 'y_coord'
test/sem_test.sql:XXXX:1: error: in str : CQL0070: expressions of different kinds can't be mixed: 'x_coord' vs. 'y_coord'
test/sem_test.sql:XXXX:1: error: in uminus : CQL0070: expressions of different kinds can't be mixed: 'x_coord' vs. 'y_coord'
test/sem_test.sql:XXXX:1: error: in str : CQL0070: expressions of different kinds can't be mixed: 'x_coord' vs. 'y_coord'
test/sem_test.sql:XXXX:1: error: in cast_expr : CQL0070: expressions of different kinds can't be mixed: 'x_coord' vs. 'y_coord'
test/sem_test.sql:XXXX:1: error: in misc_attrs : CQL0328: vault_sensitive attribute may only be added to a create procedure statement
test/sem_test.sql:XXXX:1: error: in misc_attrs : CQL0239: vault_sensitive column does not exist in result set 'bogus'
test/sem_test.sql:XXXX:1: error: in misc_attrs : CQL0239: vault_sensitive column does not exist in result set 'nan'
test/sem_test.sql:XXXX:1: error: in misc_attrs : CQL0239: vault_sensitive column does not exist in result set 'bogus'
test/sem_test.sql:XXXX:1: error: in num : CQL0363: all arguments must be names 'vault_sensitive'
test/sem_test.sql:XXXX:1: error: in num : CQL0363: all arguments must be names 'vault_sensitive'
test/sem_test.sql:XXXX:1: error: in str : CQL0363: all arguments must be names 'vault_sensitive'
test/sem_test.sql:XXXX:1: error: in misc_attrs : CQL0239: vault_sensitive column does not exist in result set 'bogus'
test/sem_test.sql:XXXX:1: error: in misc_attrs : CQL0239: vault_sensitive column does not exist in result set 'nan'
test/sem_test.sql:XXXX:1: error: in num : CQL0363: all arguments must be names 'vault_sensitive'
test/sem_test.sql:XXXX:1: error: in str : CQL0363: all arguments must be names 'vault_sensitive'
test/sem_test.sql:XXXX:1: error: in num : CQL0363: all arguments must be names 'vault_sensitive'
test/sem_test.sql:XXXX:1: error: in misc_attrs : CQL0400: encode context column can't be sensitive 'name'
test/sem_test.sql:XXXX:1: error: in misc_attr_value_list : CQL0363: all arguments must be names 'vault_sensitive'
test/sem_test.sql:XXXX:1: error: in misc_attrs : CQL0408: encode context column can be only specified once 'id'
test/sem_test.sql:XXXX:1: error: in misc_attrs : CQL0401: context column must be specified if strict encode context column mode is enabled 'vault_sensitive'
test/sem_test.sql:XXXX:1: error: in misc_attrs : CQL0401: context column must be specified if strict encode context column mode is enabled 'vault_sensitive'
test/sem_test.sql:XXXX:1: error: in misc_attrs : CQL0401: context column must be specified if strict encode context column mode is enabled 'vault_sensitive'
test/sem_test.sql:XXXX:1: error: in misc_attrs : CQL0402: vault context column in vault_senstive attribute must match the specified type in strict mode 'vault_sensitive'
test/sem_test.sql:XXXX:1: error: in misc_attrs : CQL0402: vault context column in vault_senstive attribute must match the specified type in strict mode 'vault_sensitive'
test/sem_test.sql:XXXX:1: error: in misc_attrs : CQL0402: vault context column in vault_senstive attribute must match the specified type in strict mode 'vault_sensitive'
test/sem_test.sql:XXXX:1: error: in misc_attrs : CQL0402: vault context column in vault_senstive attribute must match the specified type in strict mode 'vault_sensitive'
test/sem_test.sql:XXXX:1: error: in misc_attrs : CQL0402: vault context column in vault_senstive attribute must match the specified type in strict mode 'vault_sensitive'
test/sem_test.sql:XXXX:1: error: in misc_attrs : CQL0402: vault context column in vault_senstive attribute must match the specified type in strict mode 'vault_sensitive'
test/sem_test.sql:XXXX:1: error: in misc_attrs : CQL0364: vault_sensitive annotation can only go on a procedure that uses the database
test/sem_test.sql:XXXX:1: error: in col_attrs_hidden : CQL0362: HIDDEN column attribute must be the first attribute if present
test/sem_test.sql:XXXX:1: error: in col_attrs_fk : CQL0237: strict FK validation requires that some ON UPDATE option be selected for every foreign key
test/sem_test.sql:XXXX:1: error: in enforce_pop_stmt : CQL0365: @enforce_pop used but there is nothing to pop
test/sem_test.sql:XXXX:1: error: in begin_trans_stmt : CQL0366: transaction operations disallowed while STRICT TRANSACTION enforcement is on.
test/sem_test.sql:XXXX:1: error: in select_stmt : CQL0368: strict select if nothing requires that all (select ...) expressions include 'if nothing'
test/sem_test.sql:XXXX:1: error: in select_if_nothing_or_null_expr : CQL0372: SELECT ... IF NOTHING OR NULL NULL is redundant; use SELECT ... IF NOTHING NULL instead
test/sem_test.sql:XXXX:1: error: in select_stmt : CQL0368: strict select if nothing requires that all (select ...) expressions include 'if nothing'
test/sem_test.sql:XXXX:1: error: in select_if_nothing_expr : CQL0070: expressions of different kinds can't be mixed: 'dollars' vs. 'euros'
test/sem_test.sql:XXXX:1: error: in str : CQL0070: expressions of different kinds can't be mixed: 'dollars' vs. 'euros'
test/sem_test.sql:XXXX:1: error: in select_if_nothing_or_null_expr : CQL0009: incompatible types in expression 'IF NOTHING OR NULL'
test/sem_test.sql:XXXX:1: error: in str : CQL0003: right operand cannot be an object in 'IF NOTHING OR NULL'
test/sem_test.sql:XXXX:1: error: in select_if_nothing_expr : CQL0013: cannot assign/copy possibly null expression to not null target 'real_nn'
test/sem_test.sql:XXXX:1: error: in str : CQL0047: string operand not allowed in 'NOT'
test/sem_test.sql:XXXX:1: error: in select_if_nothing_expr : CQL0369: (SELECT ... IF NOTHING) construct is for use in top level expressions, not inside of other DML
test/sem_test.sql:XXXX:1: error: in select_if_nothing_expr : CQL0369: (SELECT ... IF NOTHING) construct is for use in top level expressions, not inside of other DML
test/sem_test.sql:XXXX:1: error: in select_stmt : CQL0370: due to a memory leak bug in old SQLite versions, the select part of an insert must not have a top level join or compound operator. Use WITH and a CTE, or a nested select to work around this.
test/sem_test.sql:XXXX:1: error: in select_stmt : CQL0370: due to a memory leak bug in old SQLite versions, the select part of an insert must not have a top level join or compound operator. Use WITH and a CTE, or a nested select to work around this.
test/sem_test.sql:XXXX:1: error: in join_target : CQL0371: table valued function used in a left/right/cross context; this would hit a SQLite bug.  Wrap it in a CTE instead.
test/sem_test.sql:XXXX:1: error: in join_target : CQL0371: table valued function used in a left/right/cross context; this would hit a SQLite bug.  Wrap it in a CTE instead.
test/sem_test.sql:XXXX:1: error: in let_stmt : CQL0056: NULL expression has no type to imply the declaration of variable 'null_is_no_good'
test/sem_test.sql:XXXX:1: error: in str : CQL0047: string operand not allowed in 'NOT'
test/sem_test.sql:XXXX:1: error: in str : CQL0197: duplicate variable name in the same scope 'created_obj'
test/sem_test.sql:XXXX:1: error: in str : CQL0047: string operand not allowed in 'NOT'
test/sem_test.sql:XXXX:1: error: in num : CQL0381: case expression must be a not-null integral type
test/sem_test.sql:XXXX:1: error: in num : CQL0382: type of a WHEN expression is bigger than the type of the SWITCH expression
test/sem_test.sql:XXXX:1: error: in add : CQL0380: WHEN expression cannot be evaluated to a constant
test/sem_test.sql:XXXX:1: error: in str : CQL0047: string operand not allowed in 'NOT'
test/sem_test.sql:XXXX:1: error: in str : CQL0047: string operand not allowed in 'NOT'
test/sem_test.sql:XXXX:1: error: in switch_case : CQL0384: switch statement did not have any actual statements in it
test/sem_test.sql:XXXX:1: error: in switch_case : CQL0383: switch ... ALL VALUES is useless with an ELSE clause
test/sem_test.sql:XXXX:1: error: in num : CQL0385: WHEN clauses contain duplicate values '2'
test/sem_test.sql:XXXX:1: error: in str : CQL0381: case expression must be a not-null integral type
test/sem_test.sql:XXXX:1: error: in num : CQL0386: SWITCH ... ALL VALUES is used but the switch expression is not an enum type
test/sem_test.sql:XXXX:1: error: in dot : CQL0387: a value exists in the enum that is not present in the switch 'zero'
test/sem_test.sql:XXXX:1: error: in dot : CQL0387: a value exists in the enum that is not present in the switch 'one'
test/sem_test.sql:XXXX:1: error: in dot : CQL0387: a value exists in the enum that is not present in the switch 'two'
test/sem_test.sql:XXXX:1: error: in uminus : CQL0388: a value exists in the switch that is not present in the enum '-1'
test/sem_test.sql:XXXX:1: error: in num : CQL0388: a value exists in the switch that is not present in the enum '5'
test/sem_test.sql:XXXX:1: error: in eq : CQL0373: comparing against NULL always yields NULL; use IS and IS NOT instead
test/sem_test.sql:XXXX:1: error: in ne : CQL0373: comparing against NULL always yields NULL; use IS and IS NOT instead
test/sem_test.sql:XXXX:1: error: in select_stmt : CQL0374: SELECT expression is equivalent to NULL
test/sem_test.sql:XXXX:1: error: in declare_out_call_stmt : CQL0389: DECLARE OUT requires that the procedure be already declared 'not_defined'
test/sem_test.sql:XXXX:1: error: in str : CQL0390: DECLARE OUT CALL used on a procedure with no missing OUT arguments 'decl1'
test/sem_test.sql:XXXX:1: error: in str : CQL0047: string operand not allowed in 'NOT'
test/sem_test.sql:XXXX:1: error: in declare_out_call_stmt : CQL0213: procedure had errors, can't call 'decl_test_err'
test/sem_test.sql:XXXX:1: error: in str : CQL0426: OUT or INOUT argument cannot be used again in same call 'u'
test/sem_test.sql:XXXX:1: error: in str : CQL0426: OUT or INOUT argument cannot be used again in same call 'u'
test/sem_test.sql:XXXX:1: error: in add : CQL0207: expected a variable name for OUT or INOUT argument 'y'
test/sem_test.sql:XXXX:1: error: in create_index_stmt : CQL0397: object is an orphan because its table is deleted. Remove rather than @delete 'deleted_index'
test/sem_test.sql:XXXX:1: error: in create_trigger_stmt : CQL0397: object is an orphan because its table is deleted. Remove rather than @delete 'trigger_deleted'
test/sem_test.sql:XXXX:1: error: in select_stmt : CQL0055: all columns in the select must have a name
test/sem_test.sql:XXXX:1: error: in str : CQL0047: string operand not allowed in 'NOT'
test/sem_test.sql:XXXX:1: error: in dot : CQL0379: unknown built-in migration procedure 'cql:fxom_recreate'
test/sem_test.sql:XXXX:1: error: in dot : CQL0378: built-in migration procedure not valid in this context 'cql:from_recreate'
test/sem_test.sql:XXXX:1: error: in call : CQL0014: cannot assign/copy sensitive expression to non-sensitive target 'pr2'
test/sem_test.sql:XXXX:1: error: in create_proc_stmt : CQL0061: in extension fragment, all columns must be an exact type match (expected integer notnull; found real notnull) 'id'
Incompatible declarations found
test/sem_test.sql:XXXX:1: error: in create_table_stmt : CREATE TABLE foo(
  id INTEGER PRIMARY KEY AUTOINCREMENT
)
test/sem_test.sql:XXXX:1: error: in create_table_stmt : CREATE TABLE foo(
  id INTEGER
)
The above must be identical.
test/sem_test.sql:XXXX:1: error: in str : CQL0103: duplicate table/view name 'foo'
test/sem_test.sql:XXXX:1: error: in str : CQL0210: proc out parameter: arg must be an exact type match (even nullability) (expected integer notnull; found integer) 'a'
test/sem_test.sql:XXXX:1: error: in str : CQL0013: cannot assign/copy possibly null expression to not null target 'a'
test/sem_test.sql:XXXX:1: error: in str : CQL0069: name not found 'some_undefined_variable'
test/sem_test.sql:XXXX:1: error: in str : CQL0013: cannot assign/copy possibly null expression to not null target 'a'
test/sem_test.sql:XXXX:1: error: in str : CQL0438: variable possibly used before initialization 'a'
test/sem_test.sql:XXXX:1: error: in str : CQL0438: variable possibly used before initialization 'b'
test/sem_test.sql:XXXX:1: error: in str : CQL0438: variable possibly used before initialization 'c'
test/sem_test.sql:XXXX:1: error: in str : CQL0438: variable possibly used before initialization 'a'
test/sem_test.sql:XXXX:1: error: in str : CQL0438: variable possibly used before initialization 'b'
test/sem_test.sql:XXXX:1: error: in str : CQL0438: variable possibly used before initialization 'c'
test/sem_test.sql:XXXX:1: error: in create_proc_stmt : CQL0439: nonnull reference OUT parameter possibly not always initialized 'a'
test/sem_test.sql:XXXX:1: error: in return_stmt : CQL0439: nonnull reference OUT parameter possibly not always initialized 'a'
test/sem_test.sql:XXXX:1: error: in create_proc_stmt : CQL0439: nonnull reference OUT parameter possibly not always initialized 'a'
test/sem_test.sql:XXXX:1: error: in trycatch_stmt : CQL0439: nonnull reference OUT parameter possibly not always initialized 'a'
test/sem_test.sql:XXXX:1: error: in trycatch_stmt : CQL0446: @attribute(cql:try_is_proc_body) cannot be used more than once per procedure
test/sem_test.sql:XXXX:1: error: in misc_attr_value_list : CQL0445: @attribute(cql:try_is_proc_body) accepts no values
test/sem_test.sql:XXXX:1: error: in is : CQL0409: cannot use IS NULL or IS NOT NULL on a value of a NOT NULL type '2'
test/sem_test.sql:XXXX:1: error: in is : CQL0409: cannot use IS NULL or IS NOT NULL on a value of a NOT NULL type '2'
test/sem_test.sql:XXXX:1: error: in is : CQL0409: cannot use IS NULL or IS NOT NULL on a value of a NOT NULL type '2'
test/sem_test.sql:XXXX:1: error: in is : CQL0409: cannot use IS NULL or IS NOT NULL on a value of a NOT NULL type '1 + 2'
test/sem_test.sql:XXXX:1: error: in is : CQL0409: cannot use IS NULL or IS NOT NULL on a value of a NOT NULL type '1 + (NOT 2)'
test/sem_test.sql:XXXX:1: error: in is_not : CQL0409: cannot use IS NULL or IS NOT NULL on a value of a NOT NULL type '1'
test/sem_test.sql:XXXX:1: error: in is : CQL0409: cannot use IS NULL or IS NOT NULL on a value of a NOT NULL type '2 + (NOT 3)'
test/sem_test.sql:XXXX:1: error: in is_not : CQL0409: cannot use IS NULL or IS NOT NULL on a value of a NOT NULL type '1'
test/sem_test.sql:XXXX:1: error: in is : CQL0409: cannot use IS NULL or IS NOT NULL on a value of a NOT NULL type '3'
test/sem_test.sql:XXXX:1: error: in concat : CQL0047: string operand not allowed in '~'
test/sem_test.sql:XXXX:1: error: in concat : CQL0047: string operand not allowed in '-'
test/sem_test.sql:XXXX:1: error: in eq : CQL0009: incompatible types in expression '='
test/sem_test.sql:XXXX:1: error: in is : CQL0409: cannot use IS NULL or IS NOT NULL on a value of a NOT NULL type '5'
test/sem_test.sql:XXXX:1: error: in is_not : CQL0409: cannot use IS NULL or IS NOT NULL on a value of a NOT NULL type '5'
test/sem_test.sql:XXXX:1: error: in str : CQL0047: string operand not allowed in 'IS TRUE'
test/sem_test.sql:XXXX:1: error: in str : CQL0047: string operand not allowed in 'NOT'
test/sem_test.sql:XXXX:1: error: in str : CQL0079: function got incorrect number of arguments 'printf'
test/sem_test.sql:XXXX:1: error: in call : CQL0421: first argument must be a string literal 'printf'
test/sem_test.sql:XXXX:1: error: in arg_list : CQL0422: more arguments provided than expected by format string 'printf'
test/sem_test.sql:XXXX:1: error: in arg_list : CQL0423: fewer arguments provided than expected by format string 'printf'
test/sem_test.sql:XXXX:1: error: in num : CQL0009: incompatible types in expression 'printf'
test/sem_test.sql:XXXX:1: error: in num : CQL0242: lossy conversion from type 'LONG_INT' in 0L
test/sem_test.sql:XXXX:1: error: in str : CQL0416: type specifier not allowed in CQL 'c'
test/sem_test.sql:XXXX:1: error: in str : CQL0416: type specifier not allowed in CQL 'p'
test/sem_test.sql:XXXX:1: error: in str : CQL0416: type specifier not allowed in CQL 'n'
test/sem_test.sql:XXXX:1: error: in str : CQL0416: type specifier not allowed in CQL 'q'
test/sem_test.sql:XXXX:1: error: in str : CQL0416: type specifier not allowed in CQL 'Q'
test/sem_test.sql:XXXX:1: error: in str : CQL0416: type specifier not allowed in CQL 'w'
test/sem_test.sql:XXXX:1: error: in str : CQL0414: 'l' length specifier has no effect; consider 'll' instead
test/sem_test.sql:XXXX:1: error: in str : CQL0419: type specifier cannot be combined with length specifier 's'
test/sem_test.sql:XXXX:1: error: in str : CQL0417: unrecognized type specifier '*'
test/sem_test.sql:XXXX:1: error: in str : CQL0417: unrecognized type specifier '1'
test/sem_test.sql:XXXX:1: error: in str : CQL0420: incomplete substitution in format string
test/sem_test.sql:XXXX:1: error: in str : CQL0413: width required when using flag in substitution '-'
test/sem_test.sql:XXXX:1: error: in str : CQL0411: duplicate flag in substitution '-'
test/sem_test.sql:XXXX:1: error: in str : CQL0418: type specifier combined with inappropriate flags 'u'
test/sem_test.sql:XXXX:1: error: in str : CQL0418: type specifier combined with inappropriate flags 'u'
test/sem_test.sql:XXXX:1: error: in str : CQL0412: cannot combine '+' flag with space flag
test/sem_test.sql:XXXX:1: error: in str : CQL0415: length specifier cannot be combined with '!' flag
test/sem_test.sql:XXXX:1: error: in str : CQL0418: type specifier combined with inappropriate flags 's'
test/sem_test.sql:XXXX:1: error: in str : CQL0413: width required when using flag in substitution '0'
test/sem_test.sql:XXXX:1: error: in str : CQL0418: type specifier combined with inappropriate flags 's'
test/sem_test.sql:XXXX:1: error: in str : CQL0418: type specifier combined with inappropriate flags 'u'
test/sem_test.sql:XXXX:1: error: in str : CQL0418: type specifier combined with inappropriate flags 'd'
test/sem_test.sql:XXXX:1: error: in num : CQL0406: substr uses 1 based indices, the 2nd argument of substr may not be zero
test/sem_test.sql:XXXX:1: error: in is : CQL0409: cannot use IS NULL or IS NOT NULL on a value of a NOT NULL type 'not_null_object'
test/sem_test.sql:XXXX:1: error: in is_not : CQL0409: cannot use IS NULL or IS NOT NULL on a value of a NOT NULL type 'not_null_object'
test/sem_test.sql:XXXX:1: error: in param : CQL0211: procedure without trailing OUT parameter used as function 'proc_inout_text'
test/sem_test.sql:XXXX:1: error: in call : CQL0424: procedure with INOUT parameter used as function 'proc_inout_text_out_text'
test/sem_test.sql:XXXX:1: error: in call : CQL0425: procedure with non-trailing OUT parameter used as function 'proc_out_text_out_text'
test/sem_test.sql:XXXX:1: error: in str : CQL0047: string operand not allowed in 'NOT'
test/sem_test.sql:XXXX:1: error: in div : CQL0177: global constants must be either constant numeric expressions or string literals 'const_err2 = 1 / 0'
test/sem_test.sql:XXXX:1: error: in call : CQL0177: global constants must be either constant numeric expressions or string literals 'const_err3 = printf("bar")'
test/sem_test.sql:XXXX:1: error: in const_value : CQL0354: duplicate constant name 'const_v'
Incompatible declarations found
test/sem_test.sql:XXXX:1: error: in declare_const_stmt : DECLARE CONST GROUP foo (
  const_v = FALSE
)
test/sem_test.sql:XXXX:1: error: in declare_const_stmt : DECLARE CONST GROUP foo (
  const_v = FALSE,
  const_w = 3.5,
  const_x = 1L,
  const_y = 2 + 3,
  const_z = "hello, world\n"
)
The above must be identical.
test/sem_test.sql:XXXX:1: error: in declare_const_stmt : CQL0356: const definitions do not match 'foo'
test/sem_test.sql:XXXX:1: error: in str : CQL0358: declared constants must be top level 'err5'
test/sem_test.sql:XXXX:1: error: in str : CQL0169: constant group not found 'not_found'
test/sem_test.sql:XXXX:1: error: in cte_binding : CQL0444: this use of the named shared fragment is not legal because of a name conflict 'fragtest_0_2'
Procedure 'fragtest_0_0' has a different CTE that is also named 'possible_conflict'
The above originated from CALL fragtest_0_0 USING possible_conflict AS source
The above originated from CALL fragtest_0_1 USING possible_conflict AS source
The above originated from CALL fragtest_0_2 USING possible_conflict AS source

test/sem_test.sql:XXXX:1: error: in cte_binding : CQL0444: this use of the named shared fragment is not legal because of a name conflict 'fragtest_1_0'
Procedure 'fragtest_1_0' has a different CTE that is also named 'possible_conflict'
The above originated from CALL fragtest_1_0 USING possible_conflict AS source

test/sem_test.sql:XXXX:1: error: in create_virtual_table_stmt : CQL0447: virtual table 'epony' claims to be eponymous but its module name 'epono' differs from its table name
test/sem_test.sql:XXXX:1: error: in str : CQL0069: name not found 'not_correct'
test/sem_test.sql:XXXX:1: error: in like : CQL0202: must be a cursor, proc, table, or view 'this_is_not_a_shape'
test/sem_test.sql:XXXX:1: error: in like : CQL0202: must be a cursor, proc, table, or view 'this_is_not_a_shape'
test/sem_test.sql:XXXX:1: error: in like : CQL0069: name not found 'cost'
test/sem_test.sql:XXXX:1: error: in select_expr_list : CQL0069: name not found 'simple_shape.cost'
test/sem_test.sql:XXXX:1: error: in select_expr_list_con : CQL0053: select columns(...) cannot be used with no FROM clause
test/sem_test.sql:XXXX:1: error: in select_expr_list : CQL0012: incompatible types in expression 'two_col_v3.r'
test/sem_test.sql:XXXX:1: error: in select_expr_list : CQL0069: name not found 'two_col_v3.t'
test/sem_test.sql:XXXX:1: error: in select_expr_list : CQL0012: incompatible types in expression 'two_col_v3.r'
test/sem_test.sql:XXXX:1: error: in like : CQL0069: name not found 't'
test/sem_test.sql:XXXX:1: error: in call : CQL0450: a shared fragment used like a function must be a simple SELECT with no FROM clause 'inline_math_bad'
test/sem_test.sql:XXXX:1: error: in call : CQL0450: a shared fragment used like a function must be a simple SELECT with no FROM clause 'inline_math_bad2'
test/sem_test.sql:XXXX:1: error: in str : CQL0047: string operand not allowed in 'NOT'
test/sem_test.sql:XXXX:1: error: in call : CQL0213: procedure had errors, can't call 'inline_math_bad3'
test/sem_test.sql:XXXX:1: error: in call : CQL0232: nested select expression must return exactly one column 'inline_math_bad4'
test/sem_test.sql:XXXX:1: error: in call : CQL0212: too few arguments provided to procedure 'inline_math'
test/sem_test.sql:XXXX:1: error: in call : CQL0451: procedure as function call is not compatible with DISTINCT or filter clauses 'inline_frag'
test/sem_test.sql:XXXX:1: error: in call : CQL0451: procedure as function call is not compatible with DISTINCT or filter clauses 'inline_frag'
test/sem_test.sql:XXXX:1: error: in str : CQL0069: name not found 'not_a_cursor'
test/sem_test.sql:XXXX:1: error: in str : CQL0069: name not found 'not_a_cursor'
test/sem_test.sql:XXXX:1: error: in str : CQL0069: name not found 'not_a_cursor'
test/sem_test.sql:XXXX:1: error: in str : CQL0069: name not found 'not_a_cursor'
test/sem_test.sql:XXXX:1: error: in call : CQL0452: function may not be used in SQL because it is not supported on old versions of SQLite 'sign'
test/sem_test.sql:XXXX:1: error: in str : CQL0061: in the cursor and the blob type, all columns must be an exact type match (expected text notnull; found integer notnull) 'name'
test/sem_test.sql:XXXX:1: error: in str : CQL0453: blob type is not a valid table 'not_a_table'
test/sem_test.sql:XXXX:1: error: in str : CQL0456: blob type is a view, not a table 'MyView'
test/sem_test.sql:XXXX:1: error: in str : CQL0455: blob variable must have a type-kind for type safety 'B'
test/sem_test.sql:XXXX:1: error: in str : CQL0454: cursor was not declared for storage 'C'
test/sem_test.sql:XXXX:1: error: in str : CQL0069: name not found 'not_a_cursor'
test/sem_test.sql:XXXX:1: error: in str : CQL0457: the indicated table is not marked with @attribute(cql:blob_storage) 'foo'
test/sem_test.sql:XXXX:1: error: in create_trigger_stmt : CQL0458: the indicated table may only be used for blob storage 'structured_storage'
test/sem_test.sql:XXXX:1: error: in drop_table_stmt : CQL0458: the indicated table may only be used for blob storage 'structured_storage'
test/sem_test.sql:XXXX:1: error: in delete_stmt : CQL0458: the indicated table may only be used for blob storage 'structured_storage'
test/sem_test.sql:XXXX:1: error: in create_index_stmt : CQL0458: the indicated table may only be used for blob storage 'structured_storage'
semantic errors present; no code gen.
